20:53:20 INFO  : Registering command handlers for SDK TCF services
20:53:22 INFO  : Launching XSCT server: xsct -n -interactive /home/kdich/workspace/zynq/vivado/7010/adc_eth/adc_eth.sdk/temp_xsdb_launch_script.tcl
20:53:24 INFO  : XSCT server has started successfully.
20:53:24 INFO  : Successfully done setting XSCT server connection channel  
20:53:24 INFO  : Successfully done setting SDK workspace  
20:53:24 INFO  : Restoring global repository preferences: 
		 /home/kdich/workspace/zynq/devicetree/device-tree-xlnx
20:53:25 INFO  : Processing command line option -hwspec /home/kdich/workspace/zynq/vivado/7010/adc_eth/adc_eth.sdk/zsys_wrapper.hdf.
20:55:02 INFO  : Refreshed build settings on project udp_send_cpu0
20:56:24 INFO  : Refreshed build settings on project adc_dma_cpu1
21:01:47 INFO  : Connected to target on host '127.0.0.1' and port '3121'.
21:01:47 INFO  : Jtag cable 'Digilent JTAG-HS3 210299A17D41' is selected.
21:01:47 INFO  : 'jtag frequency' command is executed.
21:01:47 INFO  : Sourcing of '/home/kdich/workspace/zynq/vivado/7010/adc_eth/adc_eth.sdk/zsys_wrapper_hw_platform_0/ps7_init.tcl' is done.
21:01:47 INFO  : Context for 'APU' is selected.
21:01:47 INFO  : System reset is completed.
21:01:50 INFO  : 'after 3000' command is executed.
21:01:50 INFO  : 'targets -set -filter {jtag_cable_name =~ "Digilent JTAG-HS3 210299A17D41" && level==0} -index 1' command is executed.
21:01:51 INFO  : FPGA configured successfully with bitstream "/home/kdich/workspace/zynq/vivado/7010/adc_eth/adc_eth.runs/impl_1/zsys_wrapper.bit"
21:01:51 INFO  : Context for 'APU' is selected.
21:01:51 INFO  : Hardware design information is loaded from '/home/kdich/workspace/zynq/vivado/7010/adc_eth/adc_eth.sdk/zsys_wrapper_hw_platform_0/system.hdf'.
21:01:51 INFO  : 'configparams force-mem-access 1' command is executed.
21:01:51 INFO  : Context for 'APU' is selected.
21:01:51 INFO  : 'ps7_init' command is executed.
21:01:51 INFO  : 'ps7_post_config' command is executed.
21:01:51 INFO  : Context for processor 'ps7_cortexa9_0' is selected.
21:01:52 INFO  : The application '/home/kdich/workspace/zynq/vivado/7010/adc_eth/adc_eth.sdk/udp_send_cpu0/Debug/udp_send_cpu0.elf' is downloaded to processor 'ps7_cortexa9_0'.
21:01:52 INFO  : 'configparams force-mem-access 0' command is executed.
21:01:52 INFO  : ----------------XSDB Script----------------
connect -url tcp:127.0.0.1:3121
source /home/kdich/workspace/zynq/vivado/7010/adc_eth/adc_eth.sdk/zsys_wrapper_hw_platform_0/ps7_init.tcl
targets -set -nocase -filter {name =~"APU*" && jtag_cable_name =~ "Digilent JTAG-HS3 210299A17D41"} -index 0
rst -system
after 3000
targets -set -filter {jtag_cable_name =~ "Digilent JTAG-HS3 210299A17D41" && level==0} -index 1
fpga -file /home/kdich/workspace/zynq/vivado/7010/adc_eth/adc_eth.runs/impl_1/zsys_wrapper.bit
targets -set -nocase -filter {name =~"APU*" && jtag_cable_name =~ "Digilent JTAG-HS3 210299A17D41"} -index 0
loadhw -hw /home/kdich/workspace/zynq/vivado/7010/adc_eth/adc_eth.sdk/zsys_wrapper_hw_platform_0/system.hdf -mem-ranges [list {0x40000000 0xbfffffff}]
configparams force-mem-access 1
targets -set -nocase -filter {name =~"APU*" && jtag_cable_name =~ "Digilent JTAG-HS3 210299A17D41"} -index 0
ps7_init
ps7_post_config
targets -set -nocase -filter {name =~ "ARM*#0" && jtag_cable_name =~ "Digilent JTAG-HS3 210299A17D41"} -index 0
dow /home/kdich/workspace/zynq/vivado/7010/adc_eth/adc_eth.sdk/udp_send_cpu0/Debug/udp_send_cpu0.elf
configparams force-mem-access 0
----------------End of Script----------------

21:01:52 INFO  : Context for processor 'ps7_cortexa9_0' is selected.
21:01:52 INFO  : 'con' command is executed.
21:01:52 INFO  : ----------------XSDB Script (After Launch)----------------
targets -set -nocase -filter {name =~ "ARM*#0" && jtag_cable_name =~ "Digilent JTAG-HS3 210299A17D41"} -index 0
con
----------------End of Script----------------

21:01:52 INFO  : Disconnected from the channel tcfchan#1.
21:02:18 INFO  : 'targets -set -filter {jtag_cable_name =~ "Digilent JTAG-HS3 210299A17D41" && level==0} -index 1' command is executed.
21:02:19 INFO  : 'fpga -state' command is executed.
21:02:19 INFO  : Connected to target on host '127.0.0.1' and port '3121'.
21:02:19 INFO  : Jtag cable 'Digilent JTAG-HS3 210299A17D41' is selected.
21:02:19 INFO  : 'jtag frequency' command is executed.
21:02:19 INFO  : Context for 'APU' is selected.
21:02:19 INFO  : Hardware design information is loaded from '/home/kdich/workspace/zynq/vivado/7010/adc_eth/adc_eth.sdk/zsys_wrapper_hw_platform_0/system.hdf'.
21:02:19 INFO  : 'configparams force-mem-access 1' command is executed.
21:02:19 INFO  : Context for processor 'ps7_cortexa9_1' is selected.
21:02:19 INFO  : Processor reset is completed for 'ps7_cortexa9_1'.
21:02:19 INFO  : Context for processor 'ps7_cortexa9_1' is selected.
21:02:19 INFO  : The application '/home/kdich/workspace/zynq/vivado/7010/adc_eth/adc_eth.sdk/adc_dma_cpu1/Debug/adc_dma_cpu1.elf' is downloaded to processor 'ps7_cortexa9_1'.
21:02:19 INFO  : 'configparams force-mem-access 0' command is executed.
21:02:19 INFO  : ----------------XSDB Script----------------
connect -url tcp:127.0.0.1:3121
targets -set -nocase -filter {name =~"APU*" && jtag_cable_name =~ "Digilent JTAG-HS3 210299A17D41"} -index 0
loadhw -hw /home/kdich/workspace/zynq/vivado/7010/adc_eth/adc_eth.sdk/zsys_wrapper_hw_platform_0/system.hdf -mem-ranges [list {0x40000000 0xbfffffff}]
configparams force-mem-access 1
targets -set -nocase -filter {name =~ "ARM*#1" && jtag_cable_name =~ "Digilent JTAG-HS3 210299A17D41"} -index 0
rst -processor
targets -set -nocase -filter {name =~ "ARM*#1" && jtag_cable_name =~ "Digilent JTAG-HS3 210299A17D41"} -index 0
dow /home/kdich/workspace/zynq/vivado/7010/adc_eth/adc_eth.sdk/adc_dma_cpu1/Debug/adc_dma_cpu1.elf
configparams force-mem-access 0
----------------End of Script----------------

21:02:19 INFO  : Context for processor 'ps7_cortexa9_1' is selected.
21:02:19 INFO  : 'con' command is executed.
21:02:19 INFO  : ----------------XSDB Script (After Launch)----------------
targets -set -nocase -filter {name =~ "ARM*#1" && jtag_cable_name =~ "Digilent JTAG-HS3 210299A17D41"} -index 0
con
----------------End of Script----------------

21:02:19 INFO  : Disconnected from the channel tcfchan#2.
21:09:48 INFO  : Connected to target on host '127.0.0.1' and port '3121'.
21:09:48 INFO  : Jtag cable 'JTAG-ONB4 2516330009CFA' is selected.
21:09:48 INFO  : 'jtag frequency' command is executed.
21:09:48 INFO  : Sourcing of '/home/kdich/workspace/zynq/vivado/7010/adc_eth/adc_eth.sdk/zsys_wrapper_hw_platform_0/ps7_init.tcl' is done.
21:09:48 INFO  : Context for 'APU' is selected.
21:09:48 INFO  : System reset is completed.
21:09:51 INFO  : 'after 3000' command is executed.
21:09:52 INFO  : 'targets -set -filter {jtag_cable_name =~ "JTAG-ONB4 2516330009CFA" && level==0} -index 1' command is executed.
21:09:52 INFO  : FPGA configured successfully with bitstream "/home/kdich/workspace/zynq/vivado/7010/adc_eth/adc_eth.runs/impl_1/zsys_wrapper.bit"
21:09:52 INFO  : Context for 'APU' is selected.
21:09:54 INFO  : Hardware design information is loaded from '/home/kdich/workspace/zynq/vivado/7010/adc_eth/adc_eth.sdk/zsys_wrapper_hw_platform_0/system.hdf'.
21:09:54 INFO  : 'configparams force-mem-access 1' command is executed.
21:09:54 INFO  : Context for 'APU' is selected.
21:09:54 INFO  : 'ps7_init' command is executed.
21:09:54 INFO  : 'ps7_post_config' command is executed.
21:09:54 INFO  : Context for processor 'ps7_cortexa9_0' is selected.
21:09:56 ERROR : Memory write error at 0x100000. APB AP transaction error, DAP status f0000021
21:09:56 INFO  : ----------------XSDB Script----------------
connect -url tcp:127.0.0.1:3121
source /home/kdich/workspace/zynq/vivado/7010/adc_eth/adc_eth.sdk/zsys_wrapper_hw_platform_0/ps7_init.tcl
targets -set -nocase -filter {name =~"APU*" && jtag_cable_name =~ "JTAG-ONB4 2516330009CFA"} -index 0
rst -system
after 3000
targets -set -filter {jtag_cable_name =~ "JTAG-ONB4 2516330009CFA" && level==0} -index 1
fpga -file /home/kdich/workspace/zynq/vivado/7010/adc_eth/adc_eth.runs/impl_1/zsys_wrapper.bit
targets -set -nocase -filter {name =~"APU*" && jtag_cable_name =~ "JTAG-ONB4 2516330009CFA"} -index 0
loadhw -hw /home/kdich/workspace/zynq/vivado/7010/adc_eth/adc_eth.sdk/zsys_wrapper_hw_platform_0/system.hdf -mem-ranges [list {0x40000000 0xbfffffff}]
configparams force-mem-access 1
targets -set -nocase -filter {name =~"APU*" && jtag_cable_name =~ "JTAG-ONB4 2516330009CFA"} -index 0
ps7_init
ps7_post_config
targets -set -nocase -filter {name =~ "ARM*#0" && jtag_cable_name =~ "JTAG-ONB4 2516330009CFA"} -index 0
dow /home/kdich/workspace/zynq/vivado/7010/adc_eth/adc_eth.sdk/udp_send_cpu0/Debug/udp_send_cpu0.elf
----------------End of Script----------------

21:10:10 INFO  : Connected to target on host '127.0.0.1' and port '3121'.
21:10:10 INFO  : Jtag cable 'Digilent JTAG-HS3 210299A17D41' is selected.
21:10:10 INFO  : 'jtag frequency' command is executed.
21:10:10 INFO  : Sourcing of '/home/kdich/workspace/zynq/vivado/7010/adc_eth/adc_eth.sdk/zsys_wrapper_hw_platform_0/ps7_init.tcl' is done.
21:10:10 INFO  : Context for 'APU' is selected.
21:10:10 INFO  : System reset is completed.
21:10:13 INFO  : 'after 3000' command is executed.
21:10:13 INFO  : 'targets -set -filter {jtag_cable_name =~ "Digilent JTAG-HS3 210299A17D41" && level==0} -index 1' command is executed.
21:10:14 INFO  : FPGA configured successfully with bitstream "/home/kdich/workspace/zynq/vivado/7010/adc_eth/adc_eth.runs/impl_1/zsys_wrapper.bit"
21:10:14 INFO  : Context for 'APU' is selected.
21:10:14 INFO  : Hardware design information is loaded from '/home/kdich/workspace/zynq/vivado/7010/adc_eth/adc_eth.sdk/zsys_wrapper_hw_platform_0/system.hdf'.
21:10:14 INFO  : 'configparams force-mem-access 1' command is executed.
21:10:14 INFO  : Context for 'APU' is selected.
21:10:14 INFO  : 'ps7_init' command is executed.
21:10:14 INFO  : 'ps7_post_config' command is executed.
21:10:14 INFO  : Context for processor 'ps7_cortexa9_0' is selected.
21:10:15 INFO  : The application '/home/kdich/workspace/zynq/vivado/7010/adc_eth/adc_eth.sdk/udp_send_cpu0/Debug/udp_send_cpu0.elf' is downloaded to processor 'ps7_cortexa9_0'.
21:10:15 INFO  : 'configparams force-mem-access 0' command is executed.
21:10:15 INFO  : ----------------XSDB Script----------------
connect -url tcp:127.0.0.1:3121
source /home/kdich/workspace/zynq/vivado/7010/adc_eth/adc_eth.sdk/zsys_wrapper_hw_platform_0/ps7_init.tcl
targets -set -nocase -filter {name =~"APU*" && jtag_cable_name =~ "Digilent JTAG-HS3 210299A17D41"} -index 0
rst -system
after 3000
targets -set -filter {jtag_cable_name =~ "Digilent JTAG-HS3 210299A17D41" && level==0} -index 1
fpga -file /home/kdich/workspace/zynq/vivado/7010/adc_eth/adc_eth.runs/impl_1/zsys_wrapper.bit
targets -set -nocase -filter {name =~"APU*" && jtag_cable_name =~ "Digilent JTAG-HS3 210299A17D41"} -index 0
loadhw -hw /home/kdich/workspace/zynq/vivado/7010/adc_eth/adc_eth.sdk/zsys_wrapper_hw_platform_0/system.hdf -mem-ranges [list {0x40000000 0xbfffffff}]
configparams force-mem-access 1
targets -set -nocase -filter {name =~"APU*" && jtag_cable_name =~ "Digilent JTAG-HS3 210299A17D41"} -index 0
ps7_init
ps7_post_config
targets -set -nocase -filter {name =~ "ARM*#0" && jtag_cable_name =~ "Digilent JTAG-HS3 210299A17D41"} -index 0
dow /home/kdich/workspace/zynq/vivado/7010/adc_eth/adc_eth.sdk/udp_send_cpu0/Debug/udp_send_cpu0.elf
configparams force-mem-access 0
----------------End of Script----------------

21:10:15 INFO  : Context for processor 'ps7_cortexa9_0' is selected.
21:10:15 INFO  : 'con' command is executed.
21:10:15 INFO  : ----------------XSDB Script (After Launch)----------------
targets -set -nocase -filter {name =~ "ARM*#0" && jtag_cable_name =~ "Digilent JTAG-HS3 210299A17D41"} -index 0
con
----------------End of Script----------------

21:10:15 INFO  : Disconnected from the channel tcfchan#3.
21:10:28 INFO  : 'targets -set -filter {jtag_cable_name =~ "Digilent JTAG-HS3 210299A17D41" && level==0} -index 1' command is executed.
21:10:28 INFO  : 'fpga -state' command is executed.
21:10:28 INFO  : Connected to target on host '127.0.0.1' and port '3121'.
21:10:28 INFO  : Jtag cable 'Digilent JTAG-HS3 210299A17D41' is selected.
21:10:28 INFO  : 'jtag frequency' command is executed.
21:10:28 INFO  : Context for 'APU' is selected.
21:10:30 INFO  : Hardware design information is loaded from '/home/kdich/workspace/zynq/vivado/7010/adc_eth/adc_eth.sdk/zsys_wrapper_hw_platform_0/system.hdf'.
21:10:30 INFO  : 'configparams force-mem-access 1' command is executed.
21:10:30 INFO  : Context for processor 'ps7_cortexa9_1' is selected.
21:10:30 INFO  : Processor reset is completed for 'ps7_cortexa9_1'.
21:10:30 INFO  : Context for processor 'ps7_cortexa9_1' is selected.
21:10:30 INFO  : The application '/home/kdich/workspace/zynq/vivado/7010/adc_eth/adc_eth.sdk/adc_dma_cpu1/Debug/adc_dma_cpu1.elf' is downloaded to processor 'ps7_cortexa9_1'.
21:10:30 INFO  : 'configparams force-mem-access 0' command is executed.
21:10:30 INFO  : ----------------XSDB Script----------------
connect -url tcp:127.0.0.1:3121
targets -set -nocase -filter {name =~"APU*" && jtag_cable_name =~ "Digilent JTAG-HS3 210299A17D41"} -index 0
loadhw -hw /home/kdich/workspace/zynq/vivado/7010/adc_eth/adc_eth.sdk/zsys_wrapper_hw_platform_0/system.hdf -mem-ranges [list {0x40000000 0xbfffffff}]
configparams force-mem-access 1
targets -set -nocase -filter {name =~ "ARM*#1" && jtag_cable_name =~ "Digilent JTAG-HS3 210299A17D41"} -index 0
rst -processor
targets -set -nocase -filter {name =~ "ARM*#1" && jtag_cable_name =~ "Digilent JTAG-HS3 210299A17D41"} -index 0
dow /home/kdich/workspace/zynq/vivado/7010/adc_eth/adc_eth.sdk/adc_dma_cpu1/Debug/adc_dma_cpu1.elf
configparams force-mem-access 0
----------------End of Script----------------

21:10:30 INFO  : Context for processor 'ps7_cortexa9_1' is selected.
21:10:30 INFO  : 'con' command is executed.
21:10:30 INFO  : ----------------XSDB Script (After Launch)----------------
targets -set -nocase -filter {name =~ "ARM*#1" && jtag_cable_name =~ "Digilent JTAG-HS3 210299A17D41"} -index 0
con
----------------End of Script----------------

21:10:30 INFO  : Disconnected from the channel tcfchan#4.
21:17:04 INFO  : Saving repository preferences.
21:17:04 INFO  : Reading in cores from local repositories: 
		 /home/kdich/workspace/zynq/PS_PL_transfer/xapp1079_vivado/design/src/sdk_repo
21:17:05 INFO  : Cleaning BSP projects in the workspace.
21:17:13 INFO  : Saving repository preferences.
21:19:08 INFO  : Refreshed build settings on project fsbl
21:20:00 INFO  : Refreshed build settings on project fsbl
21:41:32 INFO  : Connected to target on host '127.0.0.1' and port '3121'.
21:41:32 INFO  : Jtag cable 'Digilent JTAG-HS3 210299A17D41' is selected.
21:41:32 INFO  : 'jtag frequency' command is executed.
21:41:32 INFO  : Sourcing of '/home/kdich/workspace/zynq/vivado/7010/adc_eth/adc_eth.sdk/zsys_wrapper_hw_platform_0/ps7_init.tcl' is done.
21:41:32 INFO  : Context for 'APU' is selected.
21:41:33 INFO  : System reset is completed.
21:41:36 INFO  : 'after 3000' command is executed.
21:41:36 INFO  : 'targets -set -filter {jtag_cable_name =~ "Digilent JTAG-HS3 210299A17D41" && level==0} -index 1' command is executed.
21:41:36 INFO  : FPGA configured successfully with bitstream "/home/kdich/workspace/zynq/vivado/7010/adc_eth/adc_eth.runs/impl_1/zsys_wrapper.bit"
21:41:36 INFO  : Context for 'APU' is selected.
21:41:36 INFO  : Hardware design information is loaded from '/home/kdich/workspace/zynq/vivado/7010/adc_eth/adc_eth.sdk/zsys_wrapper_hw_platform_0/system.hdf'.
21:41:36 INFO  : 'configparams force-mem-access 1' command is executed.
21:41:36 INFO  : Context for 'APU' is selected.
21:41:37 INFO  : 'ps7_init' command is executed.
21:41:37 INFO  : 'ps7_post_config' command is executed.
21:41:37 INFO  : Context for processor 'ps7_cortexa9_0' is selected.
21:41:37 INFO  : The application '/home/kdich/workspace/zynq/vivado/7010/adc_eth/adc_eth.sdk/udp_send_cpu0/Debug/udp_send_cpu0.elf' is downloaded to processor 'ps7_cortexa9_0'.
21:41:37 INFO  : 'configparams force-mem-access 0' command is executed.
21:41:37 INFO  : ----------------XSDB Script----------------
connect -url tcp:127.0.0.1:3121
source /home/kdich/workspace/zynq/vivado/7010/adc_eth/adc_eth.sdk/zsys_wrapper_hw_platform_0/ps7_init.tcl
targets -set -nocase -filter {name =~"APU*" && jtag_cable_name =~ "Digilent JTAG-HS3 210299A17D41"} -index 0
rst -system
after 3000
targets -set -filter {jtag_cable_name =~ "Digilent JTAG-HS3 210299A17D41" && level==0} -index 1
fpga -file /home/kdich/workspace/zynq/vivado/7010/adc_eth/adc_eth.runs/impl_1/zsys_wrapper.bit
targets -set -nocase -filter {name =~"APU*" && jtag_cable_name =~ "Digilent JTAG-HS3 210299A17D41"} -index 0
loadhw -hw /home/kdich/workspace/zynq/vivado/7010/adc_eth/adc_eth.sdk/zsys_wrapper_hw_platform_0/system.hdf -mem-ranges [list {0x40000000 0xbfffffff}]
configparams force-mem-access 1
targets -set -nocase -filter {name =~"APU*" && jtag_cable_name =~ "Digilent JTAG-HS3 210299A17D41"} -index 0
ps7_init
ps7_post_config
targets -set -nocase -filter {name =~ "ARM*#0" && jtag_cable_name =~ "Digilent JTAG-HS3 210299A17D41"} -index 0
dow /home/kdich/workspace/zynq/vivado/7010/adc_eth/adc_eth.sdk/udp_send_cpu0/Debug/udp_send_cpu0.elf
configparams force-mem-access 0
----------------End of Script----------------

21:41:37 INFO  : Context for processor 'ps7_cortexa9_0' is selected.
21:41:37 INFO  : 'con' command is executed.
21:41:37 INFO  : ----------------XSDB Script (After Launch)----------------
targets -set -nocase -filter {name =~ "ARM*#0" && jtag_cable_name =~ "Digilent JTAG-HS3 210299A17D41"} -index 0
con
----------------End of Script----------------

21:41:37 INFO  : Disconnected from the channel tcfchan#5.
21:41:45 INFO  : 'targets -set -filter {jtag_cable_name =~ "Digilent JTAG-HS3 210299A17D41" && level==0} -index 1' command is executed.
21:41:45 INFO  : 'fpga -state' command is executed.
21:41:45 INFO  : Connected to target on host '127.0.0.1' and port '3121'.
21:41:45 INFO  : Jtag cable 'Digilent JTAG-HS3 210299A17D41' is selected.
21:41:45 INFO  : 'jtag frequency' command is executed.
21:41:45 INFO  : Context for 'APU' is selected.
21:41:47 INFO  : Hardware design information is loaded from '/home/kdich/workspace/zynq/vivado/7010/adc_eth/adc_eth.sdk/zsys_wrapper_hw_platform_0/system.hdf'.
21:41:47 INFO  : 'configparams force-mem-access 1' command is executed.
21:41:47 INFO  : Context for processor 'ps7_cortexa9_1' is selected.
21:41:47 INFO  : Processor reset is completed for 'ps7_cortexa9_1'.
21:41:47 INFO  : Context for processor 'ps7_cortexa9_1' is selected.
21:41:47 INFO  : The application '/home/kdich/workspace/zynq/vivado/7010/adc_eth/adc_eth.sdk/adc_dma_cpu1/Debug/adc_dma_cpu1.elf' is downloaded to processor 'ps7_cortexa9_1'.
21:41:47 INFO  : 'configparams force-mem-access 0' command is executed.
21:41:47 INFO  : ----------------XSDB Script----------------
connect -url tcp:127.0.0.1:3121
targets -set -nocase -filter {name =~"APU*" && jtag_cable_name =~ "Digilent JTAG-HS3 210299A17D41"} -index 0
loadhw -hw /home/kdich/workspace/zynq/vivado/7010/adc_eth/adc_eth.sdk/zsys_wrapper_hw_platform_0/system.hdf -mem-ranges [list {0x40000000 0xbfffffff}]
configparams force-mem-access 1
targets -set -nocase -filter {name =~ "ARM*#1" && jtag_cable_name =~ "Digilent JTAG-HS3 210299A17D41"} -index 0
rst -processor
targets -set -nocase -filter {name =~ "ARM*#1" && jtag_cable_name =~ "Digilent JTAG-HS3 210299A17D41"} -index 0
dow /home/kdich/workspace/zynq/vivado/7010/adc_eth/adc_eth.sdk/adc_dma_cpu1/Debug/adc_dma_cpu1.elf
configparams force-mem-access 0
----------------End of Script----------------

21:41:47 INFO  : Context for processor 'ps7_cortexa9_1' is selected.
21:41:47 INFO  : 'con' command is executed.
21:41:47 INFO  : ----------------XSDB Script (After Launch)----------------
targets -set -nocase -filter {name =~ "ARM*#1" && jtag_cable_name =~ "Digilent JTAG-HS3 210299A17D41"} -index 0
con
----------------End of Script----------------

21:41:47 INFO  : Disconnected from the channel tcfchan#6.
21:48:49 INFO  : Invoking Bootgen: bootgen -image boot.bif -arch zynq -o /home/kdich/workspace/zynq/vivado/7010/adc_eth/bootfiles/BOOT.bin
21:48:49 INFO  : Creating new bif file /home/kdich/workspace/zynq/vivado/7010/adc_eth/bootfiles/boot.bif
21:48:51 INFO  : Bootgen command execution is done.
22:51:34 INFO  : Invoking Bootgen: bootgen -image boot.bif -arch zynq -o /home/kdich/workspace/zynq/vivado/7010/adc_eth/bootfiles/BOOT.bin -w on
22:51:36 INFO  : Bootgen command execution is done.
16:35:30 INFO  : Registering command handlers for SDK TCF services
16:35:31 INFO  : Launching XSCT server: xsct -n -interactive /home/kdich/workspace/zynq/vivado/7010/adc_eth/adc_eth.sdk/temp_xsdb_launch_script.tcl
16:35:33 INFO  : XSCT server has started successfully.
16:35:34 INFO  : Successfully done setting XSCT server connection channel  
16:35:34 INFO  : Successfully done setting SDK workspace  
16:35:34 INFO  : Restoring global repository preferences: 
		 /home/kdich/workspace/zynq/devicetree/device-tree-xlnx
16:35:34 INFO  : Restoring local repository preferences: 
		 /home/kdich/workspace/zynq/PS_PL_transfer/xapp1079_vivado/design/src/sdk_repo
16:35:34 INFO  : Processing command line option -hwspec /home/kdich/workspace/zynq/vivado/7010/adc_eth/adc_eth.sdk/zsys_wrapper.hdf.
16:35:34 INFO  : Checking for hwspec changes in the project zsys_wrapper_hw_platform_0.
16:35:38 INFO  : SDK has detected change in the last modified timestamps for source hardware specification file Source:1541756110000,  Project:1541685186000
16:35:38 INFO  : The hardware specification for project 'zsys_wrapper_hw_platform_0' is different from /home/kdich/workspace/zynq/vivado/7010/adc_eth/adc_eth.sdk/zsys_wrapper.hdf.
16:35:38 INFO  : Copied contents of /home/kdich/workspace/zynq/vivado/7010/adc_eth/adc_eth.sdk/zsys_wrapper.hdf into /zsys_wrapper_hw_platform_0/system.hdf.
16:35:41 INFO  : Synchronizing projects in the workspace with the hardware platform specification changes.
16:35:42 INFO  : 
16:35:43 INFO  : 
16:35:45 INFO  : 
16:35:46 INFO  : Updating hardware inferred compiler options for adc_dma_cpu1.
16:35:46 INFO  : Updating hardware inferred compiler options for fsbl.
16:35:47 INFO  : Updating hardware inferred compiler options for udp_send_cpu0.
16:35:47 INFO  : Clearing existing target manager status.
16:38:24 INFO  : Invoking Bootgen: bootgen -image boot.bif -arch zynq -o /home/kdich/workspace/zynq/vivado/7010/adc_eth/bootfiles/BOOT.bin -w on
16:38:25 INFO  : Bootgen command execution is done.
17:48:24 INFO  : Invoking Bootgen: bootgen -image boot.bif -arch zynq -o /home/kdich/workspace/zynq/vivado/7010/adc_eth/bootfiles/BOOT.bin -w on
17:48:26 INFO  : Bootgen command execution is done.
10:21:33 INFO  : Registering command handlers for SDK TCF services
10:21:34 INFO  : Launching XSCT server: xsct -n -interactive /home/kdich/workspace/zynq/vivado/7010/adc_eth/adc_eth.sdk/temp_xsdb_launch_script.tcl
10:21:37 INFO  : XSCT server has started successfully.
10:21:38 INFO  : Successfully done setting XSCT server connection channel  
10:21:38 INFO  : Successfully done setting SDK workspace  
10:21:38 INFO  : Restoring global repository preferences: 
		 /home/kdich/workspace/zynq/devicetree/device-tree-xlnx
10:21:38 INFO  : Restoring local repository preferences: 
		 /home/kdich/workspace/zynq/PS_PL_transfer/xapp1079_vivado/design/src/sdk_repo
10:21:39 INFO  : Processing command line option -hwspec /home/kdich/workspace/zynq/vivado/7010/adc_eth/adc_eth.sdk/zsys_wrapper.hdf.
10:21:39 INFO  : Checking for hwspec changes in the project zsys_wrapper_hw_platform_0.
10:40:06 INFO  : Registering command handlers for SDK TCF services
10:40:07 INFO  : Launching XSCT server: xsct -n -interactive /home/kdich/workspace/zynq/vivado/7010/adc_eth/adc_eth.sdk/temp_xsdb_launch_script.tcl
10:40:09 INFO  : XSCT server has started successfully.
10:40:09 INFO  : Successfully done setting XSCT server connection channel  
10:40:09 INFO  : Successfully done setting SDK workspace  
10:40:09 INFO  : Restoring global repository preferences: 
		 /home/kdich/workspace/zynq/devicetree/device-tree-xlnx
10:40:10 INFO  : Restoring local repository preferences: 
		 /home/kdich/workspace/zynq/PS_PL_transfer/xapp1079_vivado/design/src/sdk_repo
10:40:10 INFO  : Processing command line option -hwspec /home/kdich/workspace/zynq/vivado/7010/adc_eth/adc_eth.sdk/zsys_wrapper.hdf.
10:40:11 INFO  : Checking for hwspec changes in the project zsys_wrapper_hw_platform_0.
12:40:58 INFO  : Registering command handlers for SDK TCF services
12:41:00 INFO  : Launching XSCT server: xsct -n -interactive /home/kdich/workspace/zynq/vivado/7010/adc_eth/adc_eth.sdk/temp_xsdb_launch_script.tcl
12:41:02 INFO  : XSCT server has started successfully.
12:41:02 INFO  : Successfully done setting XSCT server connection channel  
12:41:02 INFO  : Successfully done setting SDK workspace  
12:41:02 INFO  : Restoring global repository preferences: 
		 /home/kdich/workspace/zynq/devicetree/device-tree-xlnx
12:41:02 INFO  : Restoring local repository preferences: 
		 /home/kdich/workspace/zynq/PS_PL_transfer/xapp1079_vivado/design/src/sdk_repo
12:41:02 INFO  : Processing command line option -hwspec /home/kdich/workspace/zynq/vivado/7010/adc_eth/adc_eth.sdk/zsys_wrapper.hdf.
12:41:02 INFO  : Checking for hwspec changes in the project zsys_wrapper_hw_platform_0.
12:45:18 INFO  : Refreshed build settings on project udp_send_cpu0
12:54:09 INFO  : Invoking Bootgen: bootgen -image boot.bif -arch zynq -o /home/kdich/workspace/zynq/vivado/7010/adc_eth/bootfiles/BOOT.bin -w on
12:54:11 INFO  : Bootgen command execution is done.
13:42:12 INFO  : Registering command handlers for SDK TCF services
13:42:14 INFO  : Launching XSCT server: xsct -n -interactive /home/kdich/workspace/zynq/vivado/7010/adc_eth/adc_eth.sdk/temp_xsdb_launch_script.tcl
13:42:17 INFO  : XSCT server has started successfully.
13:42:17 INFO  : Successfully done setting XSCT server connection channel  
13:42:18 INFO  : Successfully done setting SDK workspace  
13:42:18 INFO  : Restoring global repository preferences: 
		 /home/kdich/workspace/zynq/devicetree/device-tree-xlnx
13:42:18 INFO  : Restoring local repository preferences: 
		 /home/kdich/workspace/zynq/PS_PL_transfer/xapp1079_vivado/design/src/sdk_repo
13:42:19 INFO  : Processing command line option -hwspec /home/kdich/workspace/zynq/vivado/7010/adc_eth/adc_eth.sdk/zsys_wrapper.hdf.
13:42:19 INFO  : Checking for hwspec changes in the project zsys_wrapper_hw_platform_0.
17:42:52 ERROR : (XSDB Server)Terminated

21:06:15 INFO  : Registering command handlers for SDK TCF services
21:06:16 INFO  : Launching XSCT server: xsct -n -interactive /home/kdich/workspace/zynq/vivado/7010/adc_eth/adc_eth.sdk/temp_xsdb_launch_script.tcl
21:06:20 INFO  : XSCT server has started successfully.
21:06:20 INFO  : Successfully done setting XSCT server connection channel  
21:06:20 INFO  : Successfully done setting SDK workspace  
21:06:20 INFO  : Restoring global repository preferences: 
		 /home/kdich/workspace/zynq/devicetree/device-tree-xlnx
21:06:20 INFO  : Restoring local repository preferences: 
		 /home/kdich/workspace/zynq/PS_PL_transfer/xapp1079_vivado/design/src/sdk_repo
21:06:20 INFO  : Processing command line option -hwspec /home/kdich/workspace/zynq/vivado/7010/adc_eth/adc_eth.sdk/zsys_wrapper.hdf.
21:06:20 INFO  : Checking for hwspec changes in the project zsys_wrapper_hw_platform_0.
21:06:24 INFO  : SDK has detected change in the last modified timestamps for source hardware specification file Source:1548597862000,  Project:1541756110000
21:06:24 INFO  : The hardware specification for project 'zsys_wrapper_hw_platform_0' is different from /home/kdich/workspace/zynq/vivado/7010/adc_eth/adc_eth.sdk/zsys_wrapper.hdf.
21:06:24 INFO  : Copied contents of /home/kdich/workspace/zynq/vivado/7010/adc_eth/adc_eth.sdk/zsys_wrapper.hdf into /zsys_wrapper_hw_platform_0/system.hdf.
21:06:28 INFO  : Synchronizing projects in the workspace with the hardware platform specification changes.
21:06:29 INFO  : 
21:06:30 INFO  : 
21:06:32 INFO  : 
21:06:32 INFO  : Updating hardware inferred compiler options for adc_dma_cpu1.
21:06:33 INFO  : Updating hardware inferred compiler options for fsbl.
21:06:34 INFO  : Updating hardware inferred compiler options for udp_send_cpu0.
21:06:34 INFO  : Clearing existing target manager status.
21:06:34 INFO  : Workspace synchronized with the new hardware specification file. Cleaning dependent projects...
21:06:39 WARN  : Linker script will not be updated automatically. Users need to update it manually.
21:18:01 INFO  : Invoking Bootgen: bootgen -image boot.bif -arch zynq -o /home/kdich/workspace/zynq/vivado/7010/adc_eth/bootfiles/BOOT.bin -w on
21:18:03 INFO  : Bootgen command execution is done.
23:44:11 INFO  : Registering command handlers for SDK TCF services
23:44:12 INFO  : Launching XSCT server: xsct -n -interactive /home/kdich/workspace/zynq/vivado/7010/adc_eth/adc_eth.sdk/temp_xsdb_launch_script.tcl
23:44:14 INFO  : XSCT server has started successfully.
23:44:14 INFO  : Successfully done setting XSCT server connection channel  
23:44:14 INFO  : Successfully done setting SDK workspace  
23:44:14 INFO  : Restoring global repository preferences: 
		 /home/kdich/workspace/zynq/devicetree/device-tree-xlnx
23:44:15 INFO  : Restoring local repository preferences: 
		 /home/kdich/workspace/zynq/PS_PL_transfer/xapp1079_vivado/design/src/sdk_repo
23:44:16 INFO  : Processing command line option -hwspec /home/kdich/workspace/zynq/vivado/7010/adc_eth/adc_eth.sdk/zsys_wrapper.hdf.
23:44:16 INFO  : Checking for hwspec changes in the project zsys_wrapper_hw_platform_0.
23:46:46 INFO  : Invoking Bootgen: bootgen -image boot.bif -arch zynq -o /home/kdich/workspace/zynq/vivado/7010/adc_eth/bootfiles/BOOT.bin -w on
23:46:48 INFO  : Bootgen command execution is done.
10:22:40 INFO  : Registering command handlers for SDK TCF services
10:22:41 INFO  : Launching XSCT server: xsct -n -interactive /home/kdich/workspace/zynq/vivado/7010/adc_eth/adc_eth.sdk/temp_xsdb_launch_script.tcl
10:22:43 INFO  : XSCT server has started successfully.
10:22:43 INFO  : Successfully done setting XSCT server connection channel  
10:22:44 INFO  : Successfully done setting SDK workspace  
10:22:44 INFO  : Restoring global repository preferences: 
		 /home/kdich/workspace/zynq/devicetree/device-tree-xlnx
10:22:44 INFO  : Restoring local repository preferences: 
		 /home/kdich/workspace/zynq/PS_PL_transfer/xapp1079_vivado/design/src/sdk_repo
10:22:45 INFO  : Processing command line option -hwspec /home/kdich/workspace/zynq/vivado/7010/adc_eth/adc_eth.sdk/zsys_wrapper.hdf.
10:22:45 INFO  : Checking for hwspec changes in the project zsys_wrapper_hw_platform_0.
10:23:29 INFO  : Connected to target on host '127.0.0.1' and port '3121'.
10:23:30 INFO  : Jtag cable 'Digilent JTAG-HS3 210299A17D41' is selected.
10:23:30 INFO  : 'jtag frequency' command is executed.
10:23:30 INFO  : Sourcing of '/home/kdich/workspace/zynq/vivado/7010/adc_eth/adc_eth.sdk/zsys_wrapper_hw_platform_0/ps7_init.tcl' is done.
10:23:30 INFO  : Context for 'APU' is selected.
10:23:30 INFO  : System reset is completed.
10:23:33 INFO  : 'after 3000' command is executed.
10:23:33 INFO  : 'targets -set -filter {jtag_cable_name =~ "Digilent JTAG-HS3 210299A17D41" && level==0} -index 1' command is executed.
10:23:34 INFO  : FPGA configured successfully with bitstream "/home/kdich/workspace/zynq/vivado/7010/adc_eth/adc_eth.runs/impl_1/zsys_wrapper.bit"
10:23:34 INFO  : Context for 'APU' is selected.
10:23:34 INFO  : Hardware design information is loaded from '/home/kdich/workspace/zynq/vivado/7010/adc_eth/adc_eth.sdk/zsys_wrapper_hw_platform_0/system.hdf'.
10:23:34 INFO  : 'configparams force-mem-access 1' command is executed.
10:23:34 INFO  : Context for 'APU' is selected.
10:23:34 INFO  : 'ps7_init' command is executed.
10:23:34 INFO  : 'ps7_post_config' command is executed.
10:23:34 INFO  : Context for processor 'ps7_cortexa9_0' is selected.
10:23:35 INFO  : The application '/home/kdich/workspace/zynq/vivado/7010/adc_eth/adc_eth.sdk/udp_send_cpu0/Debug/udp_send_cpu0.elf' is downloaded to processor 'ps7_cortexa9_0'.
10:23:35 INFO  : 'configparams force-mem-access 0' command is executed.
10:23:35 INFO  : ----------------XSDB Script----------------
connect -url tcp:127.0.0.1:3121
source /home/kdich/workspace/zynq/vivado/7010/adc_eth/adc_eth.sdk/zsys_wrapper_hw_platform_0/ps7_init.tcl
targets -set -nocase -filter {name =~"APU*" && jtag_cable_name =~ "Digilent JTAG-HS3 210299A17D41"} -index 0
rst -system
after 3000
targets -set -filter {jtag_cable_name =~ "Digilent JTAG-HS3 210299A17D41" && level==0} -index 1
fpga -file /home/kdich/workspace/zynq/vivado/7010/adc_eth/adc_eth.runs/impl_1/zsys_wrapper.bit
targets -set -nocase -filter {name =~"APU*" && jtag_cable_name =~ "Digilent JTAG-HS3 210299A17D41"} -index 0
loadhw -hw /home/kdich/workspace/zynq/vivado/7010/adc_eth/adc_eth.sdk/zsys_wrapper_hw_platform_0/system.hdf -mem-ranges [list {0x40000000 0xbfffffff}]
configparams force-mem-access 1
targets -set -nocase -filter {name =~"APU*" && jtag_cable_name =~ "Digilent JTAG-HS3 210299A17D41"} -index 0
ps7_init
ps7_post_config
targets -set -nocase -filter {name =~ "ARM*#0" && jtag_cable_name =~ "Digilent JTAG-HS3 210299A17D41"} -index 0
dow /home/kdich/workspace/zynq/vivado/7010/adc_eth/adc_eth.sdk/udp_send_cpu0/Debug/udp_send_cpu0.elf
configparams force-mem-access 0
----------------End of Script----------------

10:23:35 INFO  : Context for processor 'ps7_cortexa9_0' is selected.
10:23:35 INFO  : 'con' command is executed.
10:23:35 INFO  : ----------------XSDB Script (After Launch)----------------
targets -set -nocase -filter {name =~ "ARM*#0" && jtag_cable_name =~ "Digilent JTAG-HS3 210299A17D41"} -index 0
con
----------------End of Script----------------

10:23:35 INFO  : Disconnected from the channel tcfchan#1.
10:24:40 INFO  : 'targets -set -filter {jtag_cable_name =~ "Digilent JTAG-HS3 210299A17D41" && level==0} -index 1' command is executed.
10:24:40 INFO  : 'fpga -state' command is executed.
10:24:40 INFO  : Connected to target on host '127.0.0.1' and port '3121'.
10:24:40 INFO  : Jtag cable 'Digilent JTAG-HS3 210299A17D41' is selected.
10:24:40 INFO  : 'jtag frequency' command is executed.
10:24:40 INFO  : Context for 'APU' is selected.
10:24:42 INFO  : Hardware design information is loaded from '/home/kdich/workspace/zynq/vivado/7010/adc_eth/adc_eth.sdk/zsys_wrapper_hw_platform_0/system.hdf'.
10:24:42 INFO  : 'configparams force-mem-access 1' command is executed.
10:24:42 INFO  : Context for processor 'ps7_cortexa9_1' is selected.
10:24:42 INFO  : Processor reset is completed for 'ps7_cortexa9_1'.
10:24:42 INFO  : Context for processor 'ps7_cortexa9_1' is selected.
10:24:42 INFO  : The application '/home/kdich/workspace/zynq/vivado/7010/adc_eth/adc_eth.sdk/adc_dma_cpu1/Debug/adc_dma_cpu1.elf' is downloaded to processor 'ps7_cortexa9_1'.
10:24:42 INFO  : 'configparams force-mem-access 0' command is executed.
10:24:42 INFO  : ----------------XSDB Script----------------
connect -url tcp:127.0.0.1:3121
targets -set -nocase -filter {name =~"APU*" && jtag_cable_name =~ "Digilent JTAG-HS3 210299A17D41"} -index 0
loadhw -hw /home/kdich/workspace/zynq/vivado/7010/adc_eth/adc_eth.sdk/zsys_wrapper_hw_platform_0/system.hdf -mem-ranges [list {0x40000000 0xbfffffff}]
configparams force-mem-access 1
targets -set -nocase -filter {name =~ "ARM*#1" && jtag_cable_name =~ "Digilent JTAG-HS3 210299A17D41"} -index 0
rst -processor
targets -set -nocase -filter {name =~ "ARM*#1" && jtag_cable_name =~ "Digilent JTAG-HS3 210299A17D41"} -index 0
dow /home/kdich/workspace/zynq/vivado/7010/adc_eth/adc_eth.sdk/adc_dma_cpu1/Debug/adc_dma_cpu1.elf
configparams force-mem-access 0
----------------End of Script----------------

10:24:42 INFO  : Context for processor 'ps7_cortexa9_1' is selected.
10:24:42 INFO  : 'con' command is executed.
10:24:42 INFO  : ----------------XSDB Script (After Launch)----------------
targets -set -nocase -filter {name =~ "ARM*#1" && jtag_cable_name =~ "Digilent JTAG-HS3 210299A17D41"} -index 0
con
----------------End of Script----------------

10:24:42 INFO  : Disconnected from the channel tcfchan#2.
10:49:05 INFO  : Connected to target on host '127.0.0.1' and port '3121'.
10:49:05 INFO  : Jtag cable 'Digilent JTAG-HS3 210299A17D41' is selected.
10:49:05 INFO  : 'jtag frequency' command is executed.
10:49:06 INFO  : Sourcing of '/home/kdich/workspace/zynq/vivado/7010/adc_eth/adc_eth.sdk/zsys_wrapper_hw_platform_0/ps7_init.tcl' is done.
10:49:06 INFO  : Context for 'APU' is selected.
10:49:06 INFO  : System reset is completed.
10:49:09 INFO  : 'after 3000' command is executed.
10:49:09 INFO  : 'targets -set -filter {jtag_cable_name =~ "Digilent JTAG-HS3 210299A17D41" && level==0} -index 1' command is executed.
10:49:09 INFO  : FPGA configured successfully with bitstream "/home/kdich/workspace/zynq/vivado/7010/adc_eth/adc_eth.runs/impl_1/zsys_wrapper.bit"
10:49:09 INFO  : Context for 'APU' is selected.
10:49:11 INFO  : Hardware design information is loaded from '/home/kdich/workspace/zynq/vivado/7010/adc_eth/adc_eth.sdk/zsys_wrapper_hw_platform_0/system.hdf'.
10:49:11 INFO  : 'configparams force-mem-access 1' command is executed.
10:49:11 INFO  : Context for 'APU' is selected.
10:49:11 INFO  : 'ps7_init' command is executed.
10:49:11 INFO  : 'ps7_post_config' command is executed.
10:49:11 INFO  : Context for processor 'ps7_cortexa9_0' is selected.
10:49:12 INFO  : The application '/home/kdich/workspace/zynq/vivado/7010/adc_eth/adc_eth.sdk/udp_send_cpu0/Debug/udp_send_cpu0.elf' is downloaded to processor 'ps7_cortexa9_0'.
10:49:12 INFO  : 'configparams force-mem-access 0' command is executed.
10:49:12 INFO  : ----------------XSDB Script----------------
connect -url tcp:127.0.0.1:3121
source /home/kdich/workspace/zynq/vivado/7010/adc_eth/adc_eth.sdk/zsys_wrapper_hw_platform_0/ps7_init.tcl
targets -set -nocase -filter {name =~"APU*" && jtag_cable_name =~ "Digilent JTAG-HS3 210299A17D41"} -index 0
rst -system
after 3000
targets -set -filter {jtag_cable_name =~ "Digilent JTAG-HS3 210299A17D41" && level==0} -index 1
fpga -file /home/kdich/workspace/zynq/vivado/7010/adc_eth/adc_eth.runs/impl_1/zsys_wrapper.bit
targets -set -nocase -filter {name =~"APU*" && jtag_cable_name =~ "Digilent JTAG-HS3 210299A17D41"} -index 0
loadhw -hw /home/kdich/workspace/zynq/vivado/7010/adc_eth/adc_eth.sdk/zsys_wrapper_hw_platform_0/system.hdf -mem-ranges [list {0x40000000 0xbfffffff}]
configparams force-mem-access 1
targets -set -nocase -filter {name =~"APU*" && jtag_cable_name =~ "Digilent JTAG-HS3 210299A17D41"} -index 0
ps7_init
ps7_post_config
targets -set -nocase -filter {name =~ "ARM*#0" && jtag_cable_name =~ "Digilent JTAG-HS3 210299A17D41"} -index 0
dow /home/kdich/workspace/zynq/vivado/7010/adc_eth/adc_eth.sdk/udp_send_cpu0/Debug/udp_send_cpu0.elf
configparams force-mem-access 0
----------------End of Script----------------

10:49:12 INFO  : Context for processor 'ps7_cortexa9_0' is selected.
10:49:12 INFO  : 'con' command is executed.
10:49:12 INFO  : ----------------XSDB Script (After Launch)----------------
targets -set -nocase -filter {name =~ "ARM*#0" && jtag_cable_name =~ "Digilent JTAG-HS3 210299A17D41"} -index 0
con
----------------End of Script----------------

10:49:12 INFO  : Disconnected from the channel tcfchan#3.
10:49:18 INFO  : Connected to target on host '127.0.0.1' and port '3121'.
10:49:18 INFO  : Jtag cable 'Digilent JTAG-HS3 210299A17D41' is selected.
10:49:18 INFO  : 'jtag frequency' command is executed.
10:49:18 INFO  : Sourcing of '/home/kdich/workspace/zynq/vivado/7010/adc_eth/adc_eth.sdk/zsys_wrapper_hw_platform_0/ps7_init.tcl' is done.
10:49:18 INFO  : Context for 'APU' is selected.
10:49:18 INFO  : System reset is completed.
10:49:21 INFO  : 'after 3000' command is executed.
10:49:21 INFO  : 'targets -set -filter {jtag_cable_name =~ "Digilent JTAG-HS3 210299A17D41" && level==0} -index 1' command is executed.
10:49:22 INFO  : FPGA configured successfully with bitstream "/home/kdich/workspace/zynq/vivado/7010/adc_eth/adc_eth.runs/impl_1/zsys_wrapper.bit"
10:49:22 INFO  : Context for 'APU' is selected.
10:49:24 INFO  : Hardware design information is loaded from '/home/kdich/workspace/zynq/vivado/7010/adc_eth/adc_eth.sdk/zsys_wrapper_hw_platform_0/system.hdf'.
10:49:24 INFO  : 'configparams force-mem-access 1' command is executed.
10:49:24 INFO  : Context for 'APU' is selected.
10:49:24 INFO  : 'ps7_init' command is executed.
10:49:24 INFO  : 'ps7_post_config' command is executed.
10:49:24 INFO  : Context for processor 'ps7_cortexa9_0' is selected.
10:49:24 INFO  : The application '/home/kdich/workspace/zynq/vivado/7010/adc_eth/adc_eth.sdk/udp_send_cpu0/Debug/udp_send_cpu0.elf' is downloaded to processor 'ps7_cortexa9_0'.
10:49:24 INFO  : 'configparams force-mem-access 0' command is executed.
10:49:24 INFO  : ----------------XSDB Script----------------
connect -url tcp:127.0.0.1:3121
source /home/kdich/workspace/zynq/vivado/7010/adc_eth/adc_eth.sdk/zsys_wrapper_hw_platform_0/ps7_init.tcl
targets -set -nocase -filter {name =~"APU*" && jtag_cable_name =~ "Digilent JTAG-HS3 210299A17D41"} -index 0
rst -system
after 3000
targets -set -filter {jtag_cable_name =~ "Digilent JTAG-HS3 210299A17D41" && level==0} -index 1
fpga -file /home/kdich/workspace/zynq/vivado/7010/adc_eth/adc_eth.runs/impl_1/zsys_wrapper.bit
targets -set -nocase -filter {name =~"APU*" && jtag_cable_name =~ "Digilent JTAG-HS3 210299A17D41"} -index 0
loadhw -hw /home/kdich/workspace/zynq/vivado/7010/adc_eth/adc_eth.sdk/zsys_wrapper_hw_platform_0/system.hdf -mem-ranges [list {0x40000000 0xbfffffff}]
configparams force-mem-access 1
targets -set -nocase -filter {name =~"APU*" && jtag_cable_name =~ "Digilent JTAG-HS3 210299A17D41"} -index 0
ps7_init
ps7_post_config
targets -set -nocase -filter {name =~ "ARM*#0" && jtag_cable_name =~ "Digilent JTAG-HS3 210299A17D41"} -index 0
dow /home/kdich/workspace/zynq/vivado/7010/adc_eth/adc_eth.sdk/udp_send_cpu0/Debug/udp_send_cpu0.elf
configparams force-mem-access 0
----------------End of Script----------------

10:49:24 INFO  : Context for processor 'ps7_cortexa9_0' is selected.
10:49:24 INFO  : 'con' command is executed.
10:49:24 INFO  : ----------------XSDB Script (After Launch)----------------
targets -set -nocase -filter {name =~ "ARM*#0" && jtag_cable_name =~ "Digilent JTAG-HS3 210299A17D41"} -index 0
con
----------------End of Script----------------

10:49:24 INFO  : Disconnected from the channel tcfchan#4.
10:49:33 INFO  : Connected to target on host '127.0.0.1' and port '3121'.
10:49:34 INFO  : Jtag cable 'Digilent JTAG-HS3 210299A17D41' is selected.
10:49:34 INFO  : 'jtag frequency' command is executed.
10:49:34 INFO  : Sourcing of '/home/kdich/workspace/zynq/vivado/7010/adc_eth/adc_eth.sdk/zsys_wrapper_hw_platform_0/ps7_init.tcl' is done.
10:49:34 INFO  : Context for 'APU' is selected.
10:49:34 INFO  : System reset is completed.
10:49:37 INFO  : 'after 3000' command is executed.
10:49:37 INFO  : 'targets -set -filter {jtag_cable_name =~ "Digilent JTAG-HS3 210299A17D41" && level==0} -index 1' command is executed.
10:49:37 INFO  : FPGA configured successfully with bitstream "/home/kdich/workspace/zynq/vivado/7010/adc_eth/adc_eth.runs/impl_1/zsys_wrapper.bit"
10:49:38 INFO  : Context for 'APU' is selected.
10:49:39 INFO  : Hardware design information is loaded from '/home/kdich/workspace/zynq/vivado/7010/adc_eth/adc_eth.sdk/zsys_wrapper_hw_platform_0/system.hdf'.
10:49:39 INFO  : 'configparams force-mem-access 1' command is executed.
10:49:39 INFO  : Context for 'APU' is selected.
10:49:40 INFO  : 'ps7_init' command is executed.
10:49:40 INFO  : 'ps7_post_config' command is executed.
10:49:40 INFO  : Context for processor 'ps7_cortexa9_0' is selected.
10:49:40 INFO  : The application '/home/kdich/workspace/zynq/vivado/7010/adc_eth/adc_eth.sdk/udp_send_cpu0/Debug/udp_send_cpu0.elf' is downloaded to processor 'ps7_cortexa9_0'.
10:49:40 INFO  : 'configparams force-mem-access 0' command is executed.
10:49:40 INFO  : ----------------XSDB Script----------------
connect -url tcp:127.0.0.1:3121
source /home/kdich/workspace/zynq/vivado/7010/adc_eth/adc_eth.sdk/zsys_wrapper_hw_platform_0/ps7_init.tcl
targets -set -nocase -filter {name =~"APU*" && jtag_cable_name =~ "Digilent JTAG-HS3 210299A17D41"} -index 0
rst -system
after 3000
targets -set -filter {jtag_cable_name =~ "Digilent JTAG-HS3 210299A17D41" && level==0} -index 1
fpga -file /home/kdich/workspace/zynq/vivado/7010/adc_eth/adc_eth.runs/impl_1/zsys_wrapper.bit
targets -set -nocase -filter {name =~"APU*" && jtag_cable_name =~ "Digilent JTAG-HS3 210299A17D41"} -index 0
loadhw -hw /home/kdich/workspace/zynq/vivado/7010/adc_eth/adc_eth.sdk/zsys_wrapper_hw_platform_0/system.hdf -mem-ranges [list {0x40000000 0xbfffffff}]
configparams force-mem-access 1
targets -set -nocase -filter {name =~"APU*" && jtag_cable_name =~ "Digilent JTAG-HS3 210299A17D41"} -index 0
ps7_init
ps7_post_config
targets -set -nocase -filter {name =~ "ARM*#0" && jtag_cable_name =~ "Digilent JTAG-HS3 210299A17D41"} -index 0
dow /home/kdich/workspace/zynq/vivado/7010/adc_eth/adc_eth.sdk/udp_send_cpu0/Debug/udp_send_cpu0.elf
configparams force-mem-access 0
----------------End of Script----------------

10:49:40 INFO  : Context for processor 'ps7_cortexa9_0' is selected.
10:49:40 INFO  : 'con' command is executed.
10:49:40 INFO  : ----------------XSDB Script (After Launch)----------------
targets -set -nocase -filter {name =~ "ARM*#0" && jtag_cable_name =~ "Digilent JTAG-HS3 210299A17D41"} -index 0
con
----------------End of Script----------------

10:49:40 INFO  : Disconnected from the channel tcfchan#5.
10:49:45 INFO  : 'targets -set -filter {jtag_cable_name =~ "Digilent JTAG-HS3 210299A17D41" && level==0} -index 1' command is executed.
10:49:45 INFO  : 'fpga -state' command is executed.
10:49:45 INFO  : Connected to target on host '127.0.0.1' and port '3121'.
10:49:45 INFO  : Jtag cable 'Digilent JTAG-HS3 210299A17D41' is selected.
10:49:45 INFO  : 'jtag frequency' command is executed.
10:49:45 INFO  : Context for 'APU' is selected.
10:49:47 INFO  : Hardware design information is loaded from '/home/kdich/workspace/zynq/vivado/7010/adc_eth/adc_eth.sdk/zsys_wrapper_hw_platform_0/system.hdf'.
10:49:47 INFO  : 'configparams force-mem-access 1' command is executed.
10:49:47 INFO  : Context for processor 'ps7_cortexa9_1' is selected.
10:49:47 INFO  : Processor reset is completed for 'ps7_cortexa9_1'.
10:49:47 INFO  : Context for processor 'ps7_cortexa9_1' is selected.
10:49:47 INFO  : The application '/home/kdich/workspace/zynq/vivado/7010/adc_eth/adc_eth.sdk/adc_dma_cpu1/Debug/adc_dma_cpu1.elf' is downloaded to processor 'ps7_cortexa9_1'.
10:49:47 INFO  : 'configparams force-mem-access 0' command is executed.
10:49:47 INFO  : ----------------XSDB Script----------------
connect -url tcp:127.0.0.1:3121
targets -set -nocase -filter {name =~"APU*" && jtag_cable_name =~ "Digilent JTAG-HS3 210299A17D41"} -index 0
loadhw -hw /home/kdich/workspace/zynq/vivado/7010/adc_eth/adc_eth.sdk/zsys_wrapper_hw_platform_0/system.hdf -mem-ranges [list {0x40000000 0xbfffffff}]
configparams force-mem-access 1
targets -set -nocase -filter {name =~ "ARM*#1" && jtag_cable_name =~ "Digilent JTAG-HS3 210299A17D41"} -index 0
rst -processor
targets -set -nocase -filter {name =~ "ARM*#1" && jtag_cable_name =~ "Digilent JTAG-HS3 210299A17D41"} -index 0
dow /home/kdich/workspace/zynq/vivado/7010/adc_eth/adc_eth.sdk/adc_dma_cpu1/Debug/adc_dma_cpu1.elf
configparams force-mem-access 0
----------------End of Script----------------

10:49:47 INFO  : Context for processor 'ps7_cortexa9_1' is selected.
10:49:47 INFO  : 'con' command is executed.
10:49:47 INFO  : ----------------XSDB Script (After Launch)----------------
targets -set -nocase -filter {name =~ "ARM*#1" && jtag_cable_name =~ "Digilent JTAG-HS3 210299A17D41"} -index 0
con
----------------End of Script----------------

10:49:47 INFO  : Disconnected from the channel tcfchan#6.
11:32:15 INFO  : Connected to target on host '127.0.0.1' and port '3121'.
11:32:16 INFO  : Jtag cable 'Digilent JTAG-HS3 210299A17D41' is selected.
11:32:16 INFO  : 'jtag frequency' command is executed.
11:32:16 INFO  : Sourcing of '/home/kdich/workspace/zynq/vivado/7010/adc_eth/adc_eth.sdk/zsys_wrapper_hw_platform_0/ps7_init.tcl' is done.
11:32:16 INFO  : Context for 'APU' is selected.
11:32:16 INFO  : System reset is completed.
11:32:19 INFO  : 'after 3000' command is executed.
11:32:19 INFO  : 'targets -set -filter {jtag_cable_name =~ "Digilent JTAG-HS3 210299A17D41" && level==0} -index 1' command is executed.
11:32:21 INFO  : FPGA configured successfully with bitstream "/home/kdich/workspace/zynq/vivado/7010/adc_eth/adc_eth.runs/impl_1/zsys_wrapper.bit"
11:32:21 INFO  : Context for 'APU' is selected.
11:32:23 INFO  : Hardware design information is loaded from '/home/kdich/workspace/zynq/vivado/7010/adc_eth/adc_eth.sdk/zsys_wrapper_hw_platform_0/system.hdf'.
11:32:23 INFO  : 'configparams force-mem-access 1' command is executed.
11:32:23 INFO  : Context for 'APU' is selected.
11:32:23 INFO  : 'ps7_init' command is executed.
11:32:23 INFO  : 'ps7_post_config' command is executed.
11:32:23 INFO  : Context for processor 'ps7_cortexa9_0' is selected.
11:32:23 INFO  : The application '/home/kdich/workspace/zynq/vivado/7010/adc_eth/adc_eth.sdk/udp_send_cpu0/Debug/udp_send_cpu0.elf' is downloaded to processor 'ps7_cortexa9_0'.
11:32:23 INFO  : 'configparams force-mem-access 0' command is executed.
11:32:23 INFO  : ----------------XSDB Script----------------
connect -url tcp:127.0.0.1:3121
source /home/kdich/workspace/zynq/vivado/7010/adc_eth/adc_eth.sdk/zsys_wrapper_hw_platform_0/ps7_init.tcl
targets -set -nocase -filter {name =~"APU*" && jtag_cable_name =~ "Digilent JTAG-HS3 210299A17D41"} -index 0
rst -system
after 3000
targets -set -filter {jtag_cable_name =~ "Digilent JTAG-HS3 210299A17D41" && level==0} -index 1
fpga -file /home/kdich/workspace/zynq/vivado/7010/adc_eth/adc_eth.runs/impl_1/zsys_wrapper.bit
targets -set -nocase -filter {name =~"APU*" && jtag_cable_name =~ "Digilent JTAG-HS3 210299A17D41"} -index 0
loadhw -hw /home/kdich/workspace/zynq/vivado/7010/adc_eth/adc_eth.sdk/zsys_wrapper_hw_platform_0/system.hdf -mem-ranges [list {0x40000000 0xbfffffff}]
configparams force-mem-access 1
targets -set -nocase -filter {name =~"APU*" && jtag_cable_name =~ "Digilent JTAG-HS3 210299A17D41"} -index 0
ps7_init
ps7_post_config
targets -set -nocase -filter {name =~ "ARM*#0" && jtag_cable_name =~ "Digilent JTAG-HS3 210299A17D41"} -index 0
dow /home/kdich/workspace/zynq/vivado/7010/adc_eth/adc_eth.sdk/udp_send_cpu0/Debug/udp_send_cpu0.elf
configparams force-mem-access 0
----------------End of Script----------------

11:32:23 INFO  : Context for processor 'ps7_cortexa9_0' is selected.
11:32:23 INFO  : 'con' command is executed.
11:32:23 INFO  : ----------------XSDB Script (After Launch)----------------
targets -set -nocase -filter {name =~ "ARM*#0" && jtag_cable_name =~ "Digilent JTAG-HS3 210299A17D41"} -index 0
con
----------------End of Script----------------

11:32:23 INFO  : Disconnected from the channel tcfchan#7.
11:32:30 INFO  : 'targets -set -filter {jtag_cable_name =~ "Digilent JTAG-HS3 210299A17D41" && level==0} -index 1' command is executed.
11:32:30 INFO  : 'fpga -state' command is executed.
11:32:30 INFO  : Connected to target on host '127.0.0.1' and port '3121'.
11:32:30 INFO  : Jtag cable 'Digilent JTAG-HS3 210299A17D41' is selected.
11:32:30 INFO  : 'jtag frequency' command is executed.
11:32:30 INFO  : Context for 'APU' is selected.
11:32:32 INFO  : Hardware design information is loaded from '/home/kdich/workspace/zynq/vivado/7010/adc_eth/adc_eth.sdk/zsys_wrapper_hw_platform_0/system.hdf'.
11:32:32 INFO  : 'configparams force-mem-access 1' command is executed.
11:32:32 INFO  : Context for processor 'ps7_cortexa9_1' is selected.
11:32:32 INFO  : Processor reset is completed for 'ps7_cortexa9_1'.
11:32:32 INFO  : Context for processor 'ps7_cortexa9_1' is selected.
11:32:33 INFO  : The application '/home/kdich/workspace/zynq/vivado/7010/adc_eth/adc_eth.sdk/adc_dma_cpu1/Debug/adc_dma_cpu1.elf' is downloaded to processor 'ps7_cortexa9_1'.
11:32:33 INFO  : 'configparams force-mem-access 0' command is executed.
11:32:33 INFO  : ----------------XSDB Script----------------
connect -url tcp:127.0.0.1:3121
targets -set -nocase -filter {name =~"APU*" && jtag_cable_name =~ "Digilent JTAG-HS3 210299A17D41"} -index 0
loadhw -hw /home/kdich/workspace/zynq/vivado/7010/adc_eth/adc_eth.sdk/zsys_wrapper_hw_platform_0/system.hdf -mem-ranges [list {0x40000000 0xbfffffff}]
configparams force-mem-access 1
targets -set -nocase -filter {name =~ "ARM*#1" && jtag_cable_name =~ "Digilent JTAG-HS3 210299A17D41"} -index 0
rst -processor
targets -set -nocase -filter {name =~ "ARM*#1" && jtag_cable_name =~ "Digilent JTAG-HS3 210299A17D41"} -index 0
dow /home/kdich/workspace/zynq/vivado/7010/adc_eth/adc_eth.sdk/adc_dma_cpu1/Debug/adc_dma_cpu1.elf
configparams force-mem-access 0
----------------End of Script----------------

11:32:33 INFO  : Context for processor 'ps7_cortexa9_1' is selected.
11:32:33 INFO  : 'con' command is executed.
11:32:33 INFO  : ----------------XSDB Script (After Launch)----------------
targets -set -nocase -filter {name =~ "ARM*#1" && jtag_cable_name =~ "Digilent JTAG-HS3 210299A17D41"} -index 0
con
----------------End of Script----------------

11:32:33 INFO  : Disconnected from the channel tcfchan#8.
13:28:41 INFO  : Connected to target on host '127.0.0.1' and port '3121'.
13:28:42 INFO  : Jtag cable 'Digilent JTAG-HS3 210299A17D41' is selected.
13:28:42 INFO  : 'jtag frequency' command is executed.
13:28:42 INFO  : Sourcing of '/home/kdich/workspace/zynq/vivado/7010/adc_eth/adc_eth.sdk/zsys_wrapper_hw_platform_0/ps7_init.tcl' is done.
13:28:42 INFO  : Context for 'APU' is selected.
13:28:42 INFO  : System reset is completed.
13:28:45 INFO  : 'after 3000' command is executed.
13:28:45 INFO  : 'targets -set -filter {jtag_cable_name =~ "Digilent JTAG-HS3 210299A17D41" && level==0} -index 1' command is executed.
13:28:47 INFO  : FPGA configured successfully with bitstream "/home/kdich/workspace/zynq/vivado/7010/adc_eth/adc_eth.runs/impl_1/zsys_wrapper.bit"
13:28:47 INFO  : Context for 'APU' is selected.
13:28:49 INFO  : Hardware design information is loaded from '/home/kdich/workspace/zynq/vivado/7010/adc_eth/adc_eth.sdk/zsys_wrapper_hw_platform_0/system.hdf'.
13:28:49 INFO  : 'configparams force-mem-access 1' command is executed.
13:28:49 INFO  : Context for 'APU' is selected.
13:28:49 INFO  : 'ps7_init' command is executed.
13:28:49 INFO  : 'ps7_post_config' command is executed.
13:28:49 INFO  : Context for processor 'ps7_cortexa9_0' is selected.
13:28:50 INFO  : The application '/home/kdich/workspace/zynq/vivado/7010/adc_eth/adc_eth.sdk/udp_send_cpu0/Debug/udp_send_cpu0.elf' is downloaded to processor 'ps7_cortexa9_0'.
13:28:50 INFO  : 'configparams force-mem-access 0' command is executed.
13:28:50 INFO  : ----------------XSDB Script----------------
connect -url tcp:127.0.0.1:3121
source /home/kdich/workspace/zynq/vivado/7010/adc_eth/adc_eth.sdk/zsys_wrapper_hw_platform_0/ps7_init.tcl
targets -set -nocase -filter {name =~"APU*" && jtag_cable_name =~ "Digilent JTAG-HS3 210299A17D41"} -index 0
rst -system
after 3000
targets -set -filter {jtag_cable_name =~ "Digilent JTAG-HS3 210299A17D41" && level==0} -index 1
fpga -file /home/kdich/workspace/zynq/vivado/7010/adc_eth/adc_eth.runs/impl_1/zsys_wrapper.bit
targets -set -nocase -filter {name =~"APU*" && jtag_cable_name =~ "Digilent JTAG-HS3 210299A17D41"} -index 0
loadhw -hw /home/kdich/workspace/zynq/vivado/7010/adc_eth/adc_eth.sdk/zsys_wrapper_hw_platform_0/system.hdf -mem-ranges [list {0x40000000 0xbfffffff}]
configparams force-mem-access 1
targets -set -nocase -filter {name =~"APU*" && jtag_cable_name =~ "Digilent JTAG-HS3 210299A17D41"} -index 0
ps7_init
ps7_post_config
targets -set -nocase -filter {name =~ "ARM*#0" && jtag_cable_name =~ "Digilent JTAG-HS3 210299A17D41"} -index 0
dow /home/kdich/workspace/zynq/vivado/7010/adc_eth/adc_eth.sdk/udp_send_cpu0/Debug/udp_send_cpu0.elf
configparams force-mem-access 0
----------------End of Script----------------

13:28:50 INFO  : Context for processor 'ps7_cortexa9_0' is selected.
13:28:50 INFO  : 'con' command is executed.
13:28:50 INFO  : ----------------XSDB Script (After Launch)----------------
targets -set -nocase -filter {name =~ "ARM*#0" && jtag_cable_name =~ "Digilent JTAG-HS3 210299A17D41"} -index 0
con
----------------End of Script----------------

13:28:50 INFO  : Disconnected from the channel tcfchan#9.
13:28:54 INFO  : 'targets -set -filter {jtag_cable_name =~ "Digilent JTAG-HS3 210299A17D41" && level==0} -index 1' command is executed.
13:28:54 INFO  : 'fpga -state' command is executed.
13:28:54 INFO  : Connected to target on host '127.0.0.1' and port '3121'.
13:28:54 INFO  : Jtag cable 'Digilent JTAG-HS3 210299A17D41' is selected.
13:28:54 INFO  : 'jtag frequency' command is executed.
13:28:54 INFO  : Context for 'APU' is selected.
13:28:56 INFO  : Hardware design information is loaded from '/home/kdich/workspace/zynq/vivado/7010/adc_eth/adc_eth.sdk/zsys_wrapper_hw_platform_0/system.hdf'.
13:28:56 INFO  : 'configparams force-mem-access 1' command is executed.
13:28:56 INFO  : Context for processor 'ps7_cortexa9_1' is selected.
13:28:56 INFO  : Processor reset is completed for 'ps7_cortexa9_1'.
13:28:56 INFO  : Context for processor 'ps7_cortexa9_1' is selected.
13:28:57 INFO  : The application '/home/kdich/workspace/zynq/vivado/7010/adc_eth/adc_eth.sdk/adc_dma_cpu1/Debug/adc_dma_cpu1.elf' is downloaded to processor 'ps7_cortexa9_1'.
13:28:57 INFO  : 'configparams force-mem-access 0' command is executed.
13:28:57 INFO  : ----------------XSDB Script----------------
connect -url tcp:127.0.0.1:3121
targets -set -nocase -filter {name =~"APU*" && jtag_cable_name =~ "Digilent JTAG-HS3 210299A17D41"} -index 0
loadhw -hw /home/kdich/workspace/zynq/vivado/7010/adc_eth/adc_eth.sdk/zsys_wrapper_hw_platform_0/system.hdf -mem-ranges [list {0x40000000 0xbfffffff}]
configparams force-mem-access 1
targets -set -nocase -filter {name =~ "ARM*#1" && jtag_cable_name =~ "Digilent JTAG-HS3 210299A17D41"} -index 0
rst -processor
targets -set -nocase -filter {name =~ "ARM*#1" && jtag_cable_name =~ "Digilent JTAG-HS3 210299A17D41"} -index 0
dow /home/kdich/workspace/zynq/vivado/7010/adc_eth/adc_eth.sdk/adc_dma_cpu1/Debug/adc_dma_cpu1.elf
configparams force-mem-access 0
----------------End of Script----------------

13:28:57 INFO  : Context for processor 'ps7_cortexa9_1' is selected.
13:28:57 INFO  : 'con' command is executed.
13:28:57 INFO  : ----------------XSDB Script (After Launch)----------------
targets -set -nocase -filter {name =~ "ARM*#1" && jtag_cable_name =~ "Digilent JTAG-HS3 210299A17D41"} -index 0
con
----------------End of Script----------------

13:28:57 INFO  : Disconnected from the channel tcfchan#10.
13:47:36 INFO  : Connected to target on host '127.0.0.1' and port '3121'.
13:47:36 INFO  : Jtag cable 'Digilent JTAG-HS3 210299A17D41' is selected.
13:47:36 INFO  : 'jtag frequency' command is executed.
13:47:36 INFO  : Sourcing of '/home/kdich/workspace/zynq/vivado/7010/adc_eth/adc_eth.sdk/zsys_wrapper_hw_platform_0/ps7_init.tcl' is done.
13:47:36 INFO  : Context for 'APU' is selected.
13:47:36 INFO  : System reset is completed.
13:47:39 INFO  : 'after 3000' command is executed.
13:47:39 INFO  : 'targets -set -filter {jtag_cable_name =~ "Digilent JTAG-HS3 210299A17D41" && level==0} -index 1' command is executed.
13:47:42 INFO  : FPGA configured successfully with bitstream "/home/kdich/workspace/zynq/vivado/7010/adc_eth/adc_eth.runs/impl_1/zsys_wrapper.bit"
13:47:42 INFO  : Context for 'APU' is selected.
13:47:44 INFO  : Hardware design information is loaded from '/home/kdich/workspace/zynq/vivado/7010/adc_eth/adc_eth.sdk/zsys_wrapper_hw_platform_0/system.hdf'.
13:47:44 INFO  : 'configparams force-mem-access 1' command is executed.
13:47:44 INFO  : Context for 'APU' is selected.
13:47:44 INFO  : 'ps7_init' command is executed.
13:47:44 INFO  : 'ps7_post_config' command is executed.
13:47:44 INFO  : Context for processor 'ps7_cortexa9_0' is selected.
13:47:44 INFO  : The application '/home/kdich/workspace/zynq/vivado/7010/adc_eth/adc_eth.sdk/udp_send_cpu0/Debug/udp_send_cpu0.elf' is downloaded to processor 'ps7_cortexa9_0'.
13:47:44 INFO  : 'configparams force-mem-access 0' command is executed.
13:47:44 INFO  : ----------------XSDB Script----------------
connect -url tcp:127.0.0.1:3121
source /home/kdich/workspace/zynq/vivado/7010/adc_eth/adc_eth.sdk/zsys_wrapper_hw_platform_0/ps7_init.tcl
targets -set -nocase -filter {name =~"APU*" && jtag_cable_name =~ "Digilent JTAG-HS3 210299A17D41"} -index 0
rst -system
after 3000
targets -set -filter {jtag_cable_name =~ "Digilent JTAG-HS3 210299A17D41" && level==0} -index 1
fpga -file /home/kdich/workspace/zynq/vivado/7010/adc_eth/adc_eth.runs/impl_1/zsys_wrapper.bit
targets -set -nocase -filter {name =~"APU*" && jtag_cable_name =~ "Digilent JTAG-HS3 210299A17D41"} -index 0
loadhw -hw /home/kdich/workspace/zynq/vivado/7010/adc_eth/adc_eth.sdk/zsys_wrapper_hw_platform_0/system.hdf -mem-ranges [list {0x40000000 0xbfffffff}]
configparams force-mem-access 1
targets -set -nocase -filter {name =~"APU*" && jtag_cable_name =~ "Digilent JTAG-HS3 210299A17D41"} -index 0
ps7_init
ps7_post_config
targets -set -nocase -filter {name =~ "ARM*#0" && jtag_cable_name =~ "Digilent JTAG-HS3 210299A17D41"} -index 0
dow /home/kdich/workspace/zynq/vivado/7010/adc_eth/adc_eth.sdk/udp_send_cpu0/Debug/udp_send_cpu0.elf
configparams force-mem-access 0
----------------End of Script----------------

13:47:44 INFO  : Context for processor 'ps7_cortexa9_0' is selected.
13:47:44 INFO  : 'con' command is executed.
13:47:44 INFO  : ----------------XSDB Script (After Launch)----------------
targets -set -nocase -filter {name =~ "ARM*#0" && jtag_cable_name =~ "Digilent JTAG-HS3 210299A17D41"} -index 0
con
----------------End of Script----------------

13:47:44 INFO  : Disconnected from the channel tcfchan#11.
13:47:49 INFO  : 'targets -set -filter {jtag_cable_name =~ "Digilent JTAG-HS3 210299A17D41" && level==0} -index 1' command is executed.
13:47:49 INFO  : 'fpga -state' command is executed.
13:47:49 INFO  : Connected to target on host '127.0.0.1' and port '3121'.
13:47:49 INFO  : Jtag cable 'Digilent JTAG-HS3 210299A17D41' is selected.
13:47:49 INFO  : 'jtag frequency' command is executed.
13:47:49 INFO  : Context for 'APU' is selected.
13:47:51 INFO  : Hardware design information is loaded from '/home/kdich/workspace/zynq/vivado/7010/adc_eth/adc_eth.sdk/zsys_wrapper_hw_platform_0/system.hdf'.
13:47:51 INFO  : 'configparams force-mem-access 1' command is executed.
13:47:51 INFO  : Context for processor 'ps7_cortexa9_1' is selected.
13:47:51 INFO  : Processor reset is completed for 'ps7_cortexa9_1'.
13:47:51 INFO  : Context for processor 'ps7_cortexa9_1' is selected.
13:47:51 INFO  : The application '/home/kdich/workspace/zynq/vivado/7010/adc_eth/adc_eth.sdk/adc_dma_cpu1/Debug/adc_dma_cpu1.elf' is downloaded to processor 'ps7_cortexa9_1'.
13:47:51 INFO  : 'configparams force-mem-access 0' command is executed.
13:47:51 INFO  : ----------------XSDB Script----------------
connect -url tcp:127.0.0.1:3121
targets -set -nocase -filter {name =~"APU*" && jtag_cable_name =~ "Digilent JTAG-HS3 210299A17D41"} -index 0
loadhw -hw /home/kdich/workspace/zynq/vivado/7010/adc_eth/adc_eth.sdk/zsys_wrapper_hw_platform_0/system.hdf -mem-ranges [list {0x40000000 0xbfffffff}]
configparams force-mem-access 1
targets -set -nocase -filter {name =~ "ARM*#1" && jtag_cable_name =~ "Digilent JTAG-HS3 210299A17D41"} -index 0
rst -processor
targets -set -nocase -filter {name =~ "ARM*#1" && jtag_cable_name =~ "Digilent JTAG-HS3 210299A17D41"} -index 0
dow /home/kdich/workspace/zynq/vivado/7010/adc_eth/adc_eth.sdk/adc_dma_cpu1/Debug/adc_dma_cpu1.elf
configparams force-mem-access 0
----------------End of Script----------------

13:47:51 INFO  : Context for processor 'ps7_cortexa9_1' is selected.
13:47:51 INFO  : 'con' command is executed.
13:47:51 INFO  : ----------------XSDB Script (After Launch)----------------
targets -set -nocase -filter {name =~ "ARM*#1" && jtag_cable_name =~ "Digilent JTAG-HS3 210299A17D41"} -index 0
con
----------------End of Script----------------

13:47:51 INFO  : Disconnected from the channel tcfchan#12.
14:18:43 INFO  : Connected to target on host '127.0.0.1' and port '3121'.
14:18:44 INFO  : Jtag cable 'Digilent JTAG-HS3 210299A17D41' is selected.
14:18:44 INFO  : 'jtag frequency' command is executed.
14:18:44 INFO  : Sourcing of '/home/kdich/workspace/zynq/vivado/7010/adc_eth/adc_eth.sdk/zsys_wrapper_hw_platform_0/ps7_init.tcl' is done.
14:18:44 INFO  : Context for 'APU' is selected.
14:18:44 INFO  : System reset is completed.
14:18:47 INFO  : 'after 3000' command is executed.
14:18:47 INFO  : 'targets -set -filter {jtag_cable_name =~ "Digilent JTAG-HS3 210299A17D41" && level==0} -index 1' command is executed.
14:18:49 INFO  : FPGA configured successfully with bitstream "/home/kdich/workspace/zynq/vivado/7010/adc_eth/adc_eth.runs/impl_1/zsys_wrapper.bit"
14:18:49 INFO  : Context for 'APU' is selected.
14:18:51 INFO  : Hardware design information is loaded from '/home/kdich/workspace/zynq/vivado/7010/adc_eth/adc_eth.sdk/zsys_wrapper_hw_platform_0/system.hdf'.
14:18:51 INFO  : 'configparams force-mem-access 1' command is executed.
14:18:52 INFO  : Context for 'APU' is selected.
14:18:52 INFO  : 'ps7_init' command is executed.
14:18:52 INFO  : 'ps7_post_config' command is executed.
14:18:52 INFO  : Context for processor 'ps7_cortexa9_0' is selected.
14:18:52 INFO  : The application '/home/kdich/workspace/zynq/vivado/7010/adc_eth/adc_eth.sdk/udp_send_cpu0/Debug/udp_send_cpu0.elf' is downloaded to processor 'ps7_cortexa9_0'.
14:18:52 INFO  : 'configparams force-mem-access 0' command is executed.
14:18:52 INFO  : ----------------XSDB Script----------------
connect -url tcp:127.0.0.1:3121
source /home/kdich/workspace/zynq/vivado/7010/adc_eth/adc_eth.sdk/zsys_wrapper_hw_platform_0/ps7_init.tcl
targets -set -nocase -filter {name =~"APU*" && jtag_cable_name =~ "Digilent JTAG-HS3 210299A17D41"} -index 0
rst -system
after 3000
targets -set -filter {jtag_cable_name =~ "Digilent JTAG-HS3 210299A17D41" && level==0} -index 1
fpga -file /home/kdich/workspace/zynq/vivado/7010/adc_eth/adc_eth.runs/impl_1/zsys_wrapper.bit
targets -set -nocase -filter {name =~"APU*" && jtag_cable_name =~ "Digilent JTAG-HS3 210299A17D41"} -index 0
loadhw -hw /home/kdich/workspace/zynq/vivado/7010/adc_eth/adc_eth.sdk/zsys_wrapper_hw_platform_0/system.hdf -mem-ranges [list {0x40000000 0xbfffffff}]
configparams force-mem-access 1
targets -set -nocase -filter {name =~"APU*" && jtag_cable_name =~ "Digilent JTAG-HS3 210299A17D41"} -index 0
ps7_init
ps7_post_config
targets -set -nocase -filter {name =~ "ARM*#0" && jtag_cable_name =~ "Digilent JTAG-HS3 210299A17D41"} -index 0
dow /home/kdich/workspace/zynq/vivado/7010/adc_eth/adc_eth.sdk/udp_send_cpu0/Debug/udp_send_cpu0.elf
configparams force-mem-access 0
----------------End of Script----------------

14:18:52 INFO  : Context for processor 'ps7_cortexa9_0' is selected.
14:18:52 INFO  : 'con' command is executed.
14:18:52 INFO  : ----------------XSDB Script (After Launch)----------------
targets -set -nocase -filter {name =~ "ARM*#0" && jtag_cable_name =~ "Digilent JTAG-HS3 210299A17D41"} -index 0
con
----------------End of Script----------------

14:18:52 INFO  : Disconnected from the channel tcfchan#13.
14:18:57 INFO  : 'targets -set -filter {jtag_cable_name =~ "Digilent JTAG-HS3 210299A17D41" && level==0} -index 1' command is executed.
14:18:57 INFO  : 'fpga -state' command is executed.
14:18:57 INFO  : Connected to target on host '127.0.0.1' and port '3121'.
14:18:57 INFO  : Jtag cable 'Digilent JTAG-HS3 210299A17D41' is selected.
14:18:57 INFO  : 'jtag frequency' command is executed.
14:18:57 INFO  : Context for 'APU' is selected.
14:18:59 INFO  : Hardware design information is loaded from '/home/kdich/workspace/zynq/vivado/7010/adc_eth/adc_eth.sdk/zsys_wrapper_hw_platform_0/system.hdf'.
14:18:59 INFO  : 'configparams force-mem-access 1' command is executed.
14:18:59 INFO  : Context for processor 'ps7_cortexa9_1' is selected.
14:18:59 INFO  : Processor reset is completed for 'ps7_cortexa9_1'.
14:18:59 INFO  : Context for processor 'ps7_cortexa9_1' is selected.
14:18:59 INFO  : The application '/home/kdich/workspace/zynq/vivado/7010/adc_eth/adc_eth.sdk/adc_dma_cpu1/Debug/adc_dma_cpu1.elf' is downloaded to processor 'ps7_cortexa9_1'.
14:18:59 INFO  : 'configparams force-mem-access 0' command is executed.
14:18:59 INFO  : ----------------XSDB Script----------------
connect -url tcp:127.0.0.1:3121
targets -set -nocase -filter {name =~"APU*" && jtag_cable_name =~ "Digilent JTAG-HS3 210299A17D41"} -index 0
loadhw -hw /home/kdich/workspace/zynq/vivado/7010/adc_eth/adc_eth.sdk/zsys_wrapper_hw_platform_0/system.hdf -mem-ranges [list {0x40000000 0xbfffffff}]
configparams force-mem-access 1
targets -set -nocase -filter {name =~ "ARM*#1" && jtag_cable_name =~ "Digilent JTAG-HS3 210299A17D41"} -index 0
rst -processor
targets -set -nocase -filter {name =~ "ARM*#1" && jtag_cable_name =~ "Digilent JTAG-HS3 210299A17D41"} -index 0
dow /home/kdich/workspace/zynq/vivado/7010/adc_eth/adc_eth.sdk/adc_dma_cpu1/Debug/adc_dma_cpu1.elf
configparams force-mem-access 0
----------------End of Script----------------

14:18:59 INFO  : Context for processor 'ps7_cortexa9_1' is selected.
14:18:59 INFO  : 'con' command is executed.
14:18:59 INFO  : ----------------XSDB Script (After Launch)----------------
targets -set -nocase -filter {name =~ "ARM*#1" && jtag_cable_name =~ "Digilent JTAG-HS3 210299A17D41"} -index 0
con
----------------End of Script----------------

14:18:59 INFO  : Disconnected from the channel tcfchan#14.
14:34:10 INFO  : Invoking Bootgen: bootgen -image boot.bif -arch zynq -o /home/kdich/workspace/zynq/vivado/7010/adc_eth/bootfiles/BOOT.bin -w on
14:34:12 INFO  : Bootgen command execution is done.
10:15:54 INFO  : Registering command handlers for SDK TCF services
10:15:55 INFO  : Launching XSCT server: xsct -n -interactive /home/kdich/workspace/zynq/vivado/7010/adc_eth/adc_eth.sdk/temp_xsdb_launch_script.tcl
10:15:57 INFO  : XSCT server has started successfully.
10:15:58 INFO  : Successfully done setting XSCT server connection channel  
10:15:58 INFO  : Successfully done setting SDK workspace  
10:15:58 INFO  : Restoring global repository preferences: 
		 /home/kdich/workspace/zynq/devicetree/device-tree-xlnx
10:15:58 INFO  : Restoring local repository preferences: 
		 /home/kdich/workspace/zynq/PS_PL_transfer/xapp1079_vivado/design/src/sdk_repo
10:15:59 INFO  : Processing command line option -hwspec /home/kdich/workspace/zynq/vivado/7010/adc_eth/adc_eth.sdk/zsys_wrapper.hdf.
10:15:59 INFO  : Checking for hwspec changes in the project zsys_wrapper_hw_platform_0.
