#-----------------------------------------------------------
# Webtalk v2018.2 (64-bit)
# SW Build 2258646 on Thu Jun 14 20:02:38 MDT 2018
# 
# Start of session at: Thu Nov  8 23:23:39 2018
# Process ID: 32227
# Current directory: /home/kdich/workspace/zynq/vivado/7010/adc_eth/adc_eth.sdk/webtalk
# Command line: wbtcv -mode batch -source sdk_webtalk.tcl
# Log file: /home/kdich/workspace/zynq/vivado/7010/adc_eth/adc_eth.sdk/webtalk/webtalk.log
# Journal file: /home/kdich/workspace/zynq/vivado/7010/adc_eth/adc_eth.sdk/webtalk/webtalk.jou
#-----------------------------------------------------------
source sdk_webtalk.tcl
# webtalk_init -webtalk_dir /home/kdich/workspace/zynq/vivado/7010/adc_eth/adc_eth.sdk/webtalk
# webtalk_register_client -client project
# webtalk_add_data -client project -key date_generated -value "2018-11-08 23:23:36" -context "software_version_and_target_device"
# webtalk_add_data -client project -key product_version -value "SDK v2018.2" -context "software_version_and_target_device"
# webtalk_add_data -client project -key build_version -value "2018.2" -context "software_version_and_target_device"
# webtalk_add_data -client project -key os_platform -value "amd64" -context "software_version_and_target_device"
# webtalk_add_data -client project -key registration_id -value "210989616_1777493249_210607167_864" -context "software_version_and_target_device"
# webtalk_add_data -client project -key tool_flow -value "SDK" -context "software_version_and_target_device"
# webtalk_add_data -client project -key beta -value "false" -context "software_version_and_target_device"
# webtalk_add_data -client project -key route_design -value "NA" -context "software_version_and_target_device"
# webtalk_add_data -client project -key target_family -value "NA" -context "software_version_and_target_device"
# webtalk_add_data -client project -key target_device -value "NA" -context "software_version_and_target_device"
# webtalk_add_data -client project -key target_package -value "NA" -context "software_version_and_target_device"
# webtalk_add_data -client project -key target_speed -value "NA" -context "software_version_and_target_device"
# webtalk_add_data -client project -key random_id -value "pvq7c4ssvqkh0nlncve9arta4f" -context "software_version_and_target_device"
# webtalk_add_data -client project -key project_id -value "2018.2_8" -context "software_version_and_target_device"
# webtalk_add_data -client project -key project_iteration -value "8" -context "software_version_and_target_device"
# webtalk_add_data -client project -key os_name -value "Ubuntu" -context "user_environment"
# webtalk_add_data -client project -key os_release -value "Ubuntu 16.04.5 LTS" -context "user_environment"
# webtalk_add_data -client project -key cpu_name -value "Intel(R) Core(TM) i5-3210M CPU @ 2.50GHz" -context "user_environment"
# webtalk_add_data -client project -key cpu_speed -value "2900.000 MHz" -context "user_environment"
# webtalk_add_data -client project -key total_processors -value "1" -context "user_environment"
# webtalk_add_data -client project -key system_ram -value "10.365 GB" -context "user_environment"
# webtalk_register_client -client sdk
# webtalk_add_data -client sdk -key uid -value "1541685210000" -context "sdk\\\\hardware/1541685210000"
# webtalk_add_data -client sdk -key isZynq -value "true" -context "sdk\\\\hardware/1541685210000"
# webtalk_add_data -client sdk -key isZynqMP -value "false" -context "sdk\\\\hardware/1541685210000"
# webtalk_add_data -client sdk -key Processors -value "2" -context "sdk\\\\hardware/1541685210000"
# webtalk_add_data -client sdk -key VivadoVersion -value "2018.2" -context "sdk\\\\hardware/1541685210000"
# webtalk_add_data -client sdk -key Arch -value "zynq" -context "sdk\\\\hardware/1541685210000"
# webtalk_add_data -client sdk -key Device -value "7z010" -context "sdk\\\\hardware/1541685210000"
# webtalk_add_data -client sdk -key IsHandoff -value "true" -context "sdk\\\\hardware/1541685210000"
# webtalk_add_data -client sdk -key os -value "NA" -context "sdk\\\\hardware/1541685210000"
# webtalk_add_data -client sdk -key apptemplate -value "NA" -context "sdk\\\\hardware/1541685210000"
# webtalk_add_data -client sdk -key RecordType -value "HWCreation" -context "sdk\\\\hardware/1541685210000"
# webtalk_add_data -client sdk -key uid -value "1541685263000" -context "sdk\\\\bsp/1541685263000"
# webtalk_add_data -client sdk -key hwid -value "1541685210000" -context "sdk\\\\bsp/1541685263000"
# webtalk_add_data -client sdk -key os -value "standalone" -context "sdk\\\\bsp/1541685263000"
# webtalk_add_data -client sdk -key apptemplate -value "lwip_udp_perf_client" -context "sdk\\\\bsp/1541685263000"
# webtalk_add_data -client sdk -key RecordType -value "BSPCreation" -context "sdk\\\\bsp/1541685263000"
# webtalk_add_data -client sdk -key uid -value "1541685265000" -context "sdk\\\\application/1541685265000"
# webtalk_add_data -client sdk -key hwid -value "1541685210000" -context "sdk\\\\application/1541685265000"
# webtalk_add_data -client sdk -key bspid -value "1541685263000" -context "sdk\\\\application/1541685265000"
# webtalk_add_data -client sdk -key newbsp -value "true" -context "sdk\\\\application/1541685265000"
# webtalk_add_data -client sdk -key os -value "standalone" -context "sdk\\\\application/1541685265000"
# webtalk_add_data -client sdk -key apptemplate -value "lwip_udp_perf_client" -context "sdk\\\\application/1541685265000"
# webtalk_add_data -client sdk -key RecordType -value "APPCreation" -context "sdk\\\\application/1541685265000"
# webtalk_add_data -client sdk -key LangUsed -value "C" -context "sdk\\\\application/1541685265000"
# webtalk_add_data -client sdk -key Procused -value "ps7_cortexa9" -context "sdk\\\\application/1541685265000"
# webtalk_add_data -client sdk -key projSize -value "957.5546875" -context "sdk\\\\application/1541685265000"
# webtalk_add_data -client sdk -key uid -value "1541685348000" -context "sdk\\\\bsp/1541685348000"
# webtalk_add_data -client sdk -key hwid -value "1541685210000" -context "sdk\\\\bsp/1541685348000"
# webtalk_add_data -client sdk -key os -value "standalone" -context "sdk\\\\bsp/1541685348000"
# webtalk_add_data -client sdk -key apptemplate -value "hello_world" -context "sdk\\\\bsp/1541685348000"
# webtalk_add_data -client sdk -key RecordType -value "BSPCreation" -context "sdk\\\\bsp/1541685348000"
# webtalk_add_data -client sdk -key uid -value "1541685349000" -context "sdk\\\\application/1541685349000"
# webtalk_add_data -client sdk -key hwid -value "1541685210000" -context "sdk\\\\application/1541685349000"
# webtalk_add_data -client sdk -key bspid -value "1541685348000" -context "sdk\\\\application/1541685349000"
# webtalk_add_data -client sdk -key newbsp -value "true" -context "sdk\\\\application/1541685349000"
# webtalk_add_data -client sdk -key os -value "standalone" -context "sdk\\\\application/1541685349000"
# webtalk_add_data -client sdk -key apptemplate -value "hello_world" -context "sdk\\\\application/1541685349000"
# webtalk_add_data -client sdk -key RecordType -value "APPCreation" -context "sdk\\\\application/1541685349000"
# webtalk_add_data -client sdk -key LangUsed -value "C" -context "sdk\\\\application/1541685349000"
# webtalk_add_data -client sdk -key Procused -value "ps7_cortexa9" -context "sdk\\\\application/1541685349000"
# webtalk_add_data -client sdk -key projSize -value "276.60546875" -context "sdk\\\\application/1541685349000"
# webtalk_add_data -client sdk -key uid -value "1541686702000" -context "sdk\\\\bsp/1541686702000"
# webtalk_add_data -client sdk -key hwid -value "1541685210000" -context "sdk\\\\bsp/1541686702000"
# webtalk_add_data -client sdk -key os -value "standalone" -context "sdk\\\\bsp/1541686702000"
# webtalk_add_data -client sdk -key apptemplate -value "zynq_fsbl" -context "sdk\\\\bsp/1541686702000"
# webtalk_add_data -client sdk -key RecordType -value "BSPCreation" -context "sdk\\\\bsp/1541686702000"
# webtalk_add_data -client sdk -key uid -value "1541686711000" -context "sdk\\\\application/1541686711000"
# webtalk_add_data -client sdk -key hwid -value "1541685210000" -context "sdk\\\\application/1541686711000"
# webtalk_add_data -client sdk -key bspid -value "1541686702000" -context "sdk\\\\application/1541686711000"
# webtalk_add_data -client sdk -key newbsp -value "true" -context "sdk\\\\application/1541686711000"
# webtalk_add_data -client sdk -key os -value "standalone" -context "sdk\\\\application/1541686711000"
# webtalk_add_data -client sdk -key apptemplate -value "zynq_fsbl" -context "sdk\\\\application/1541686711000"
# webtalk_add_data -client sdk -key RecordType -value "APPCreation" -context "sdk\\\\application/1541686711000"
# webtalk_add_data -client sdk -key LangUsed -value "C" -context "sdk\\\\application/1541686711000"
# webtalk_add_data -client sdk -key Procused -value "ps7_cortexa9" -context "sdk\\\\application/1541686711000"
# webtalk_add_data -client sdk -key projSize -value "559.59375" -context "sdk\\\\application/1541686711000"
# webtalk_add_data -client sdk -key uid -value "NA" -context "sdk\\\\bsp/1541694216694"
# webtalk_add_data -client sdk -key RecordType -value "ToolUsage" -context "sdk\\\\bsp/1541694216694"
# webtalk_add_data -client sdk -key BootgenCount -value "2" -context "sdk\\\\bsp/1541694216694"
# webtalk_add_data -client sdk -key DebugCount -value "0" -context "sdk\\\\bsp/1541694216694"
# webtalk_add_data -client sdk -key PerfCount -value "0" -context "sdk\\\\bsp/1541694216694"
# webtalk_add_data -client sdk -key FlashCount -value "2" -context "sdk\\\\bsp/1541694216694"
# webtalk_add_data -client sdk -key CrossTriggCount -value "0" -context "sdk\\\\bsp/1541694216694"
# webtalk_add_data -client sdk -key QemuDebugCount -value "0" -context "sdk\\\\bsp/1541694216694"
# webtalk_transmit -clientid 3823404686 -regid "210989616_1777493249_210607167_864" -xml /home/kdich/workspace/zynq/vivado/7010/adc_eth/adc_eth.sdk/webtalk/usage_statistics_ext_sdk.xml -html /home/kdich/workspace/zynq/vivado/7010/adc_eth/adc_eth.sdk/webtalk/usage_statistics_ext_sdk.html -wdm /home/kdich/workspace/zynq/vivado/7010/adc_eth/adc_eth.sdk/webtalk/sdk_webtalk.wdm -intro "<H3>SDK Usage Report</H3><BR>"
INFO: [Common 17-186] '/home/kdich/workspace/zynq/vivado/7010/adc_eth/adc_eth.sdk/webtalk/usage_statistics_ext_sdk.xml' has been successfully sent to Xilinx on Thu Nov  8 23:23:43 2018. For additional details about this file, please refer to the WebTalk help file at /opt/Xilinx/SDK/2018.2/doc/webtalk_introduction.html.
# webtalk_terminate
INFO: [Common 17-206] Exiting Webtalk at Thu Nov  8 23:23:43 2018...
