
*** Running vivado
    with args -log zsys_axis_adc_0_0.vds -m64 -product Vivado -mode batch -messageDb vivado.pb -notrace -source zsys_axis_adc_0_0.tcl


****** Vivado v2018.2 (64-bit)
  **** SW Build 2258646 on Thu Jun 14 20:02:38 MDT 2018
  **** IP Build 2256618 on Thu Jun 14 22:10:49 MDT 2018
    ** Copyright 1986-2018 Xilinx, Inc. All Rights Reserved.

source zsys_axis_adc_0_0.tcl -notrace
Command: synth_design -top zsys_axis_adc_0_0 -part xc7z010clg400-1 -mode out_of_context
Starting synth_design
Attempting to get a license for feature 'Synthesis' and/or device 'xc7z010'
INFO: [Common 17-349] Got license for feature 'Synthesis' and/or device 'xc7z010'
INFO: Launching helper process for spawning children vivado processes
INFO: Helper process launched with PID 9437 
---------------------------------------------------------------------------------
Starting RTL Elaboration : Time (s): cpu = 00:00:03 ; elapsed = 00:00:04 . Memory (MB): peak = 1302.637 ; gain = 83.754 ; free physical = 4742 ; free virtual = 11411
---------------------------------------------------------------------------------
INFO: [Synth 8-638] synthesizing module 'zsys_axis_adc_0_0' [/home/kdich/workspace/zynq/vivado/7010/adc_eth/adc_eth.srcs/sources_1/bd/zsys/ip/zsys_axis_adc_0_0/synth/zsys_axis_adc_0_0.vhd:72]
	Parameter C_M00_AXIS_TDATA_WIDTH bound to: 32 - type: integer 
	Parameter C_M00_AXIS_START_COUNT bound to: 32 - type: integer 
	Parameter NUMBER_OF_OUTPUT_WORDS bound to: 265 - type: integer 
INFO: [Synth 8-3491] module 'axis_adc_v1_0' declared at '/home/kdich/workspace/zynq/vivado/7010/adc_eth/adc_eth.srcs/sources_1/bd/zsys/ipshared/2f5c/hdl/axis_adc_v1_0.vhd:5' bound to instance 'U0' of component 'axis_adc_v1_0' [/home/kdich/workspace/zynq/vivado/7010/adc_eth/adc_eth.srcs/sources_1/bd/zsys/ip/zsys_axis_adc_0_0/synth/zsys_axis_adc_0_0.vhd:115]
INFO: [Synth 8-638] synthesizing module 'axis_adc_v1_0' [/home/kdich/workspace/zynq/vivado/7010/adc_eth/adc_eth.srcs/sources_1/bd/zsys/ipshared/2f5c/hdl/axis_adc_v1_0.vhd:39]
	Parameter NUMBER_OF_OUTPUT_WORDS bound to: 265 - type: integer 
	Parameter C_M00_AXIS_TDATA_WIDTH bound to: 32 - type: integer 
	Parameter C_M00_AXIS_START_COUNT bound to: 32 - type: integer 
	Parameter NUMBER_OF_OUTPUT_WORDS bound to: 265 - type: integer 
	Parameter C_M_AXIS_TDATA_WIDTH bound to: 32 - type: integer 
INFO: [Synth 8-3491] module 'axis_adc_v1_0_M00_AXIS' declared at '/home/kdich/workspace/zynq/vivado/7010/adc_eth/adc_eth.srcs/sources_1/bd/zsys/ipshared/2f5c/hdl/axis_adc_v1_0_M00_AXIS.vhd:5' bound to instance 'axis_adc_v1_0_M00_AXIS_inst' of component 'axis_adc_v1_0_M00_AXIS' [/home/kdich/workspace/zynq/vivado/7010/adc_eth/adc_eth.srcs/sources_1/bd/zsys/ipshared/2f5c/hdl/axis_adc_v1_0.vhd:65]
INFO: [Synth 8-638] synthesizing module 'axis_adc_v1_0_M00_AXIS' [/home/kdich/workspace/zynq/vivado/7010/adc_eth/adc_eth.srcs/sources_1/bd/zsys/ipshared/2f5c/hdl/axis_adc_v1_0_M00_AXIS.vhd:41]
	Parameter NUMBER_OF_OUTPUT_WORDS bound to: 265 - type: integer 
	Parameter C_M_AXIS_TDATA_WIDTH bound to: 32 - type: integer 
INFO: [Synth 8-226] default block is never used [/home/kdich/workspace/zynq/vivado/7010/adc_eth/adc_eth.srcs/sources_1/bd/zsys/ipshared/2f5c/hdl/axis_adc_v1_0_M00_AXIS.vhd:233]
INFO: [Synth 8-4471] merging register 'write_pointer_reg[8:0]' into 'v_write_pointer_reg[8:0]' [/home/kdich/workspace/zynq/vivado/7010/adc_eth/adc_eth.srcs/sources_1/bd/zsys/ipshared/2f5c/hdl/axis_adc_v1_0_M00_AXIS.vhd:257]
WARNING: [Synth 8-6014] Unused sequential element write_pointer_reg was removed.  [/home/kdich/workspace/zynq/vivado/7010/adc_eth/adc_eth.srcs/sources_1/bd/zsys/ipshared/2f5c/hdl/axis_adc_v1_0_M00_AXIS.vhd:257]
INFO: [Synth 8-256] done synthesizing module 'axis_adc_v1_0_M00_AXIS' (1#1) [/home/kdich/workspace/zynq/vivado/7010/adc_eth/adc_eth.srcs/sources_1/bd/zsys/ipshared/2f5c/hdl/axis_adc_v1_0_M00_AXIS.vhd:41]
INFO: [Synth 8-256] done synthesizing module 'axis_adc_v1_0' (2#1) [/home/kdich/workspace/zynq/vivado/7010/adc_eth/adc_eth.srcs/sources_1/bd/zsys/ipshared/2f5c/hdl/axis_adc_v1_0.vhd:39]
INFO: [Synth 8-256] done synthesizing module 'zsys_axis_adc_0_0' (3#1) [/home/kdich/workspace/zynq/vivado/7010/adc_eth/adc_eth.srcs/sources_1/bd/zsys/ip/zsys_axis_adc_0_0/synth/zsys_axis_adc_0_0.vhd:72]
---------------------------------------------------------------------------------
Finished RTL Elaboration : Time (s): cpu = 00:00:04 ; elapsed = 00:00:06 . Memory (MB): peak = 1346.262 ; gain = 127.379 ; free physical = 4711 ; free virtual = 11382
---------------------------------------------------------------------------------

Report Check Netlist: 
+------+------------------+-------+---------+-------+------------------+
|      |Item              |Errors |Warnings |Status |Description       |
+------+------------------+-------+---------+-------+------------------+
|1     |multi_driven_nets |      0|        0|Passed |Multi driven nets |
+------+------------------+-------+---------+-------+------------------+
---------------------------------------------------------------------------------
Start Handling Custom Attributes
---------------------------------------------------------------------------------
---------------------------------------------------------------------------------
Finished Handling Custom Attributes : Time (s): cpu = 00:00:04 ; elapsed = 00:00:06 . Memory (MB): peak = 1346.262 ; gain = 127.379 ; free physical = 4767 ; free virtual = 11438
---------------------------------------------------------------------------------
---------------------------------------------------------------------------------
Finished RTL Optimization Phase 1 : Time (s): cpu = 00:00:04 ; elapsed = 00:00:06 . Memory (MB): peak = 1346.262 ; gain = 127.379 ; free physical = 4767 ; free virtual = 11438
---------------------------------------------------------------------------------
INFO: [Device 21-403] Loading part xc7z010clg400-1
INFO: [Project 1-570] Preparing netlist for logic optimization

Processing XDC Constraints
Initializing timing engine
Completed Processing XDC Constraints

INFO: [Project 1-111] Unisim Transformation Summary:
No Unisim elements were transformed.

WARNING: [Constraints 18-5210] No constraint will be written out.
Constraint Validation Runtime : Time (s): cpu = 00:00:00.10 ; elapsed = 00:00:00.18 . Memory (MB): peak = 1637.324 ; gain = 1.000 ; free physical = 4262 ; free virtual = 10974
---------------------------------------------------------------------------------
Finished Constraint Validation : Time (s): cpu = 00:00:17 ; elapsed = 00:00:49 . Memory (MB): peak = 1637.324 ; gain = 418.441 ; free physical = 4369 ; free virtual = 11083
---------------------------------------------------------------------------------
---------------------------------------------------------------------------------
Start Loading Part and Timing Information
---------------------------------------------------------------------------------
Loading part: xc7z010clg400-1
---------------------------------------------------------------------------------
Finished Loading Part and Timing Information : Time (s): cpu = 00:00:17 ; elapsed = 00:00:49 . Memory (MB): peak = 1637.324 ; gain = 418.441 ; free physical = 4369 ; free virtual = 11083
---------------------------------------------------------------------------------
---------------------------------------------------------------------------------
Start Applying 'set_property' XDC Constraints
---------------------------------------------------------------------------------
---------------------------------------------------------------------------------
Finished applying 'set_property' XDC Constraints : Time (s): cpu = 00:00:17 ; elapsed = 00:00:49 . Memory (MB): peak = 1637.324 ; gain = 418.441 ; free physical = 4371 ; free virtual = 11085
---------------------------------------------------------------------------------
INFO: [Synth 8-5546] ROM "irq" won't be mapped to RAM because it is too sparse
INFO: [Synth 8-5546] ROM "axis_tlast" won't be mapped to RAM because it is too sparse
INFO: [Synth 8-5546] ROM "mst_wr_state" won't be mapped to RAM because it is too sparse
---------------------------------------------------------------------------------
Finished RTL Optimization Phase 2 : Time (s): cpu = 00:00:17 ; elapsed = 00:00:49 . Memory (MB): peak = 1637.324 ; gain = 418.441 ; free physical = 4356 ; free virtual = 11071
---------------------------------------------------------------------------------

Report RTL Partitions: 
+-+--------------+------------+----------+
| |RTL Partition |Replication |Instances |
+-+--------------+------------+----------+
+-+--------------+------------+----------+
---------------------------------------------------------------------------------
Start RTL Component Statistics 
---------------------------------------------------------------------------------
Detailed RTL Component Info : 
+---Adders : 
	   2 Input      9 Bit       Adders := 3     
+---XORs : 
	   2 Input      1 Bit         XORs := 3     
+---Registers : 
	                9 Bit    Registers := 2     
	                2 Bit    Registers := 1     
	                1 Bit    Registers := 10    
+---RAMs : 
	               8K Bit         RAMs := 1     
+---Muxes : 
	   2 Input     32 Bit        Muxes := 1     
	   2 Input      9 Bit        Muxes := 2     
	   5 Input      2 Bit        Muxes := 1     
	   2 Input      1 Bit        Muxes := 14    
---------------------------------------------------------------------------------
Finished RTL Component Statistics 
---------------------------------------------------------------------------------
---------------------------------------------------------------------------------
Start RTL Hierarchical Component Statistics 
---------------------------------------------------------------------------------
Hierarchical RTL Component report 
Module axis_adc_v1_0_M00_AXIS 
Detailed RTL Component Info : 
+---Adders : 
	   2 Input      9 Bit       Adders := 3     
+---XORs : 
	   2 Input      1 Bit         XORs := 3     
+---Registers : 
	                9 Bit    Registers := 2     
	                2 Bit    Registers := 1     
	                1 Bit    Registers := 10    
+---RAMs : 
	               8K Bit         RAMs := 1     
+---Muxes : 
	   2 Input     32 Bit        Muxes := 1     
	   2 Input      9 Bit        Muxes := 2     
	   5 Input      2 Bit        Muxes := 1     
	   2 Input      1 Bit        Muxes := 14    
---------------------------------------------------------------------------------
Finished RTL Hierarchical Component Statistics
---------------------------------------------------------------------------------
---------------------------------------------------------------------------------
Start Part Resource Summary
---------------------------------------------------------------------------------
Part Resources:
DSPs: 80 (col length:40)
BRAMs: 120 (col length: RAMB18 40 RAMB36 20)
---------------------------------------------------------------------------------
Finished Part Resource Summary
---------------------------------------------------------------------------------
---------------------------------------------------------------------------------
Start Cross Boundary and Area Optimization
---------------------------------------------------------------------------------
Warning: Parallel synthesis criteria is not met 
INFO: [Synth 8-5546] ROM "U0/axis_adc_v1_0_M00_AXIS_inst/mst_wr_state" won't be mapped to RAM because it is too sparse
INFO: [Synth 8-5546] ROM "O30" won't be mapped to RAM because it is too sparse
INFO: [Synth 8-5546] ROM "U0/axis_adc_v1_0_M00_AXIS_inst/irq" won't be mapped to RAM because it is too sparse
INFO: [Synth 8-5546] ROM "U0/axis_adc_v1_0_M00_AXIS_inst/axis_tlast" won't be mapped to RAM because it is too sparse
---------------------------------------------------------------------------------
Finished Cross Boundary and Area Optimization : Time (s): cpu = 00:00:18 ; elapsed = 00:00:50 . Memory (MB): peak = 1637.324 ; gain = 418.441 ; free physical = 4331 ; free virtual = 11049
---------------------------------------------------------------------------------
---------------------------------------------------------------------------------
Start ROM, RAM, DSP and Shift Register Reporting
---------------------------------------------------------------------------------

Distributed RAM: Preliminary Mapping  Report (see note below)
+------------------+----------------------------------------------+-----------+----------------------+------------------------------+
|Module Name       | RTL Object                                   | Inference | Size (Depth x Width) | Primitives                   | 
+------------------+----------------------------------------------+-----------+----------------------+------------------------------+
|zsys_axis_adc_0_0 | U0/axis_adc_v1_0_M00_AXIS_inst/data_fifo_reg | Implied   | 512 x 32             | RAM64X1D x 10  RAM64M x 50   | 
+------------------+----------------------------------------------+-----------+----------------------+------------------------------+

Note: The table above is a preliminary report that shows the Distributed RAMs at the current stage of the synthesis flow. Some Distributed RAMs may be reimplemented as non Distributed RAM primitives later in the synthesis flow. Multiple instantiated RAMs are reported only once.
---------------------------------------------------------------------------------
Finished ROM, RAM, DSP and Shift Register Reporting
---------------------------------------------------------------------------------

Report RTL Partitions: 
+-+--------------+------------+----------+
| |RTL Partition |Replication |Instances |
+-+--------------+------------+----------+
+-+--------------+------------+----------+
---------------------------------------------------------------------------------
Start Applying XDC Timing Constraints
---------------------------------------------------------------------------------
---------------------------------------------------------------------------------
Finished Applying XDC Timing Constraints : Time (s): cpu = 00:00:27 ; elapsed = 00:01:04 . Memory (MB): peak = 1643.324 ; gain = 424.441 ; free physical = 4132 ; free virtual = 10861
---------------------------------------------------------------------------------
---------------------------------------------------------------------------------
Start Timing Optimization
---------------------------------------------------------------------------------
---------------------------------------------------------------------------------
Finished Timing Optimization : Time (s): cpu = 00:00:27 ; elapsed = 00:01:04 . Memory (MB): peak = 1643.324 ; gain = 424.441 ; free physical = 4132 ; free virtual = 10861
---------------------------------------------------------------------------------
---------------------------------------------------------------------------------
Start ROM, RAM, DSP and Shift Register Reporting
---------------------------------------------------------------------------------

Distributed RAM: Final Mapping  Report
+------------------+----------------------------------------------+-----------+----------------------+------------------------------+
|Module Name       | RTL Object                                   | Inference | Size (Depth x Width) | Primitives                   | 
+------------------+----------------------------------------------+-----------+----------------------+------------------------------+
|zsys_axis_adc_0_0 | U0/axis_adc_v1_0_M00_AXIS_inst/data_fifo_reg | Implied   | 512 x 32             | RAM64X1D x 10  RAM64M x 50   | 
+------------------+----------------------------------------------+-----------+----------------------+------------------------------+

---------------------------------------------------------------------------------
Finished ROM, RAM, DSP and Shift Register Reporting
---------------------------------------------------------------------------------

Report RTL Partitions: 
+-+--------------+------------+----------+
| |RTL Partition |Replication |Instances |
+-+--------------+------------+----------+
+-+--------------+------------+----------+
---------------------------------------------------------------------------------
Start Technology Mapping
---------------------------------------------------------------------------------
INFO: [Synth 8-3886] merging instance 'U0/axis_adc_v1_0_M00_AXIS_inst/read_pointer_reg_rep[5]' (FDRE) to 'U0/axis_adc_v1_0_M00_AXIS_inst/read_pointer_reg[5]'
INFO: [Synth 8-3886] merging instance 'U0/axis_adc_v1_0_M00_AXIS_inst/read_pointer_reg_rep[4]' (FDRE) to 'U0/axis_adc_v1_0_M00_AXIS_inst/read_pointer_reg[4]'
INFO: [Synth 8-3886] merging instance 'U0/axis_adc_v1_0_M00_AXIS_inst/read_pointer_reg_rep[3]' (FDRE) to 'U0/axis_adc_v1_0_M00_AXIS_inst/read_pointer_reg[3]'
INFO: [Synth 8-3886] merging instance 'U0/axis_adc_v1_0_M00_AXIS_inst/read_pointer_reg_rep[2]' (FDRE) to 'U0/axis_adc_v1_0_M00_AXIS_inst/read_pointer_reg[2]'
INFO: [Synth 8-3886] merging instance 'U0/axis_adc_v1_0_M00_AXIS_inst/read_pointer_reg_rep[1]' (FDRE) to 'U0/axis_adc_v1_0_M00_AXIS_inst/read_pointer_reg[1]'
INFO: [Synth 8-3886] merging instance 'U0/axis_adc_v1_0_M00_AXIS_inst/read_pointer_reg_rep[0]' (FDRE) to 'U0/axis_adc_v1_0_M00_AXIS_inst/read_pointer_reg[0]'
INFO: [Synth 8-3886] merging instance 'U0/axis_adc_v1_0_M00_AXIS_inst/read_pointer_reg_rep[8]' (FDRE) to 'U0/axis_adc_v1_0_M00_AXIS_inst/read_pointer_reg[8]'
INFO: [Synth 8-3886] merging instance 'U0/axis_adc_v1_0_M00_AXIS_inst/read_pointer_reg_rep[6]' (FDRE) to 'U0/axis_adc_v1_0_M00_AXIS_inst/read_pointer_reg[6]'
INFO: [Synth 8-3886] merging instance 'U0/axis_adc_v1_0_M00_AXIS_inst/read_pointer_reg_rep[7]' (FDRE) to 'U0/axis_adc_v1_0_M00_AXIS_inst/read_pointer_reg[7]'
---------------------------------------------------------------------------------
Finished Technology Mapping : Time (s): cpu = 00:00:27 ; elapsed = 00:01:05 . Memory (MB): peak = 1664.363 ; gain = 445.480 ; free physical = 4129 ; free virtual = 10858
---------------------------------------------------------------------------------

Report RTL Partitions: 
+-+--------------+------------+----------+
| |RTL Partition |Replication |Instances |
+-+--------------+------------+----------+
+-+--------------+------------+----------+
---------------------------------------------------------------------------------
Start IO Insertion
---------------------------------------------------------------------------------
---------------------------------------------------------------------------------
Start Flattening Before IO Insertion
---------------------------------------------------------------------------------
---------------------------------------------------------------------------------
Finished Flattening Before IO Insertion
---------------------------------------------------------------------------------
---------------------------------------------------------------------------------
Start Final Netlist Cleanup
---------------------------------------------------------------------------------
---------------------------------------------------------------------------------
Finished Final Netlist Cleanup
---------------------------------------------------------------------------------
---------------------------------------------------------------------------------
Finished IO Insertion : Time (s): cpu = 00:00:28 ; elapsed = 00:01:05 . Memory (MB): peak = 1664.363 ; gain = 445.480 ; free physical = 4128 ; free virtual = 10856
---------------------------------------------------------------------------------

Report Check Netlist: 
+------+------------------+-------+---------+-------+------------------+
|      |Item              |Errors |Warnings |Status |Description       |
+------+------------------+-------+---------+-------+------------------+
|1     |multi_driven_nets |      0|        0|Passed |Multi driven nets |
+------+------------------+-------+---------+-------+------------------+
---------------------------------------------------------------------------------
Start Renaming Generated Instances
---------------------------------------------------------------------------------
---------------------------------------------------------------------------------
Finished Renaming Generated Instances : Time (s): cpu = 00:00:28 ; elapsed = 00:01:05 . Memory (MB): peak = 1664.363 ; gain = 445.480 ; free physical = 4128 ; free virtual = 10856
---------------------------------------------------------------------------------

Report RTL Partitions: 
+-+--------------+------------+----------+
| |RTL Partition |Replication |Instances |
+-+--------------+------------+----------+
+-+--------------+------------+----------+
---------------------------------------------------------------------------------
Start Rebuilding User Hierarchy
---------------------------------------------------------------------------------
---------------------------------------------------------------------------------
Finished Rebuilding User Hierarchy : Time (s): cpu = 00:00:28 ; elapsed = 00:01:05 . Memory (MB): peak = 1664.363 ; gain = 445.480 ; free physical = 4128 ; free virtual = 10856
---------------------------------------------------------------------------------
---------------------------------------------------------------------------------
Start Renaming Generated Ports
---------------------------------------------------------------------------------
---------------------------------------------------------------------------------
Finished Renaming Generated Ports : Time (s): cpu = 00:00:28 ; elapsed = 00:01:05 . Memory (MB): peak = 1664.363 ; gain = 445.480 ; free physical = 4128 ; free virtual = 10856
---------------------------------------------------------------------------------
---------------------------------------------------------------------------------
Start Handling Custom Attributes
---------------------------------------------------------------------------------
---------------------------------------------------------------------------------
Finished Handling Custom Attributes : Time (s): cpu = 00:00:28 ; elapsed = 00:01:05 . Memory (MB): peak = 1664.363 ; gain = 445.480 ; free physical = 4128 ; free virtual = 10856
---------------------------------------------------------------------------------
---------------------------------------------------------------------------------
Start Renaming Generated Nets
---------------------------------------------------------------------------------
---------------------------------------------------------------------------------
Finished Renaming Generated Nets : Time (s): cpu = 00:00:28 ; elapsed = 00:01:05 . Memory (MB): peak = 1664.363 ; gain = 445.480 ; free physical = 4128 ; free virtual = 10856
---------------------------------------------------------------------------------
---------------------------------------------------------------------------------
Start Writing Synthesis Report
---------------------------------------------------------------------------------

Report BlackBoxes: 
+-+--------------+----------+
| |BlackBox name |Instances |
+-+--------------+----------+
+-+--------------+----------+

Report Cell Usage: 
+------+---------+------+
|      |Cell     |Count |
+------+---------+------+
|1     |LUT1     |     1|
|2     |LUT2     |     5|
|3     |LUT3     |     6|
|4     |LUT4     |     9|
|5     |LUT5     |     8|
|6     |LUT6     |    81|
|7     |RAM64M   |    50|
|8     |RAM64X1D |    10|
|9     |FDRE     |    30|
+------+---------+------+

Report Instance Areas: 
+------+--------------------------------+-----------------------+------+
|      |Instance                        |Module                 |Cells |
+------+--------------------------------+-----------------------+------+
|1     |top                             |                       |   200|
|2     |  U0                            |axis_adc_v1_0          |   200|
|3     |    axis_adc_v1_0_M00_AXIS_inst |axis_adc_v1_0_M00_AXIS |   200|
+------+--------------------------------+-----------------------+------+
---------------------------------------------------------------------------------
Finished Writing Synthesis Report : Time (s): cpu = 00:00:28 ; elapsed = 00:01:05 . Memory (MB): peak = 1664.363 ; gain = 445.480 ; free physical = 4128 ; free virtual = 10856
---------------------------------------------------------------------------------
Synthesis finished with 0 errors, 0 critical warnings and 0 warnings.
Synthesis Optimization Runtime : Time (s): cpu = 00:00:17 ; elapsed = 00:00:26 . Memory (MB): peak = 1664.363 ; gain = 154.418 ; free physical = 4185 ; free virtual = 10914
Synthesis Optimization Complete : Time (s): cpu = 00:00:28 ; elapsed = 00:01:05 . Memory (MB): peak = 1664.371 ; gain = 445.480 ; free physical = 4185 ; free virtual = 10914
INFO: [Project 1-571] Translating synthesized netlist
INFO: [Netlist 29-17] Analyzing 60 Unisim elements for replacement
INFO: [Netlist 29-28] Unisim Transformation completed in 0 CPU seconds
INFO: [Project 1-570] Preparing netlist for logic optimization
INFO: [Opt 31-138] Pushed 0 inverter(s) to 0 load pin(s).
INFO: [Project 1-111] Unisim Transformation Summary:
  A total of 60 instances were transformed.
  RAM64M => RAM64M (RAMD64E, RAMD64E, RAMD64E, RAMD64E): 50 instances
  RAM64X1D => RAM64X1D (RAMD64E, RAMD64E): 10 instances

INFO: [Common 17-83] Releasing license: Synthesis
37 Infos, 2 Warnings, 0 Critical Warnings and 0 Errors encountered.
synth_design completed successfully
synth_design: Time (s): cpu = 00:00:30 ; elapsed = 00:01:07 . Memory (MB): peak = 1664.371 ; gain = 457.188 ; free physical = 4178 ; free virtual = 10908
WARNING: [Constraints 18-5210] No constraint will be written out.
INFO: [Common 17-1381] The checkpoint '/home/kdich/workspace/zynq/vivado/7010/adc_eth/adc_eth.runs/zsys_axis_adc_0_0_synth_1/zsys_axis_adc_0_0.dcp' has been generated.
